#
# A fatal error has been detected by the Java Runtime Environment:
#
#  SIGSEGV (0xb) at pc=0x00007f84ac4da3d7, pid=8860, tid=10381
#
# JRE version: OpenJDK Runtime Environment (11.0.7+10) (build 11.0.7+10-post-Ubuntu-2ubuntu218.04)
# Java VM: OpenJDK 64-Bit Server VM (11.0.7+10-post-Ubuntu-2ubuntu218.04, mixed mode, sharing, tiered, compressed oops, g1 gc, linux-amd64)
# Problematic frame:
# J 2801 c2 com.sun.crypto.provider.AESCrypt.implEncryptBlock([BI[BI)V java.base@11.0.7 (953 bytes) @ 0x00007f84ac4da3d7 [0x00007f84ac4da080+0x0000000000000357]
#
# Core dump will be written. Default location: Core dumps may be processed with "/usr/share/apport/apport %p %s %c %d %P %E" (or dumping to /home/vagrant/microservices-lab/Compose/core.8860)
#
# If you would like to submit a bug report, please visit:
#   https://bugs.launchpad.net/ubuntu/+source/openjdk-lts
#

---------------  S U M M A R Y ------------

Command Line: -Dclassworlds.conf=/usr/share/maven/bin/m2.conf -Dmaven.home=/usr/share/maven -Dlibrary.jansi.path=/usr/share/maven/lib/jansi-native -Dmaven.multiModuleProjectDirectory=/home/vagrant/microservices-lab/Compose/ms/ConsultarInscripcionesMS org.codehaus.plexus.classworlds.launcher.Launcher clean install -Dmaven.test.skip=true -f ./ms/ConsultarInscripcionesMS/

Host: Intel(R) Core(TM) i7-6500U CPU @ 2.50GHz, 3 cores, 5G, Ubuntu 18.04.4 LTS
Time: Wed Jun  3 16:01:05 2020 UTC elapsed time: 98 seconds (0d 0h 1m 38s)

---------------  T H R E A D  ---------------

Current thread (0x00007f84bc9cb000):  JavaThread "BasicRepositoryConnector-repo.spring.io-0-2" daemon [_thread_in_Java, id=10381, stack(0x00007f8494bd6000,0x00007f8494cd7000)]

Stack: [0x00007f8494bd6000,0x00007f8494cd7000],  sp=0x00007f8494cd3d00,  free space=1015k
Native frames: (J=compiled Java code, A=aot compiled Java code, j=interpreted, Vv=VM code, C=native code)
J 2801 c2 com.sun.crypto.provider.AESCrypt.implEncryptBlock([BI[BI)V java.base@11.0.7 (953 bytes) @ 0x00007f84ac4da3d7 [0x00007f84ac4da080+0x0000000000000357]
J 6028 c2 com.sun.crypto.provider.GaloisCounterMode.decryptFinal([BII[BI)I java.base@11.0.7 (304 bytes) @ 0x00007f84ac715828 [0x00007f84ac714c40+0x0000000000000be8]
J 3739 c1 com.sun.crypto.provider.CipherCore.finalNoPadding([BI[BII)I java.base@11.0.7 (189 bytes) @ 0x00007f84a56d586c [0x00007f84a56d4a20+0x0000000000000e4c]
J 3738 c1 com.sun.crypto.provider.CipherCore.fillOutputBuffer([BI[BII[B)I java.base@11.0.7 (120 bytes) @ 0x00007f84a56d3d74 [0x00007f84a56d3cc0+0x00000000000000b4]
J 4244 c1 com.sun.crypto.provider.CipherCore.doFinal([BII[BI)I java.base@11.0.7 (232 bytes) @ 0x00007f84a582cb14 [0x00007f84a582c520+0x00000000000005f4]
J 4243 c1 com.sun.crypto.provider.AESCipher.engineDoFinal([BII[BI)I java.base@11.0.7 (24 bytes) @ 0x00007f84a582bf5c [0x00007f84a582bec0+0x000000000000009c]
J 4100 c1 javax.crypto.CipherSpi.bufferCrypt(Ljava/nio/ByteBuffer;Ljava/nio/ByteBuffer;Z)I java.base@11.0.7 (520 bytes) @ 0x00007f84a57d5a6c [0x00007f84a57d4a60+0x000000000000100c]
J 3843 c1 javax.crypto.Cipher.doFinal(Ljava/nio/ByteBuffer;Ljava/nio/ByteBuffer;)I java.base@11.0.7 (66 bytes) @ 0x00007f84a571ab6c [0x00007f84a571a760+0x000000000000040c]
J 3612 c1 sun.security.ssl.SSLCipher$T12GcmReadCipherGenerator$GcmReadCipher.decrypt(BLjava/nio/ByteBuffer;[B)Lsun/security/ssl/Plaintext; java.base@11.0.7 (386 bytes) @ 0x00007f84a5667cdc [0x00007f84a5666ca0+0x000000000000103c]
J 4050 c1 sun.security.ssl.SSLSocketInputRecord.decodeInputRecord([B)[Lsun/security/ssl/Plaintext; java.base@11.0.7 (838 bytes) @ 0x00007f84a57ba94c [0x00007f84a57b9b60+0x0000000000000dec]
J 4049 c1 sun.security.ssl.SSLSocketInputRecord.decode([Ljava/nio/ByteBuffer;II)[Lsun/security/ssl/Plaintext; java.base@11.0.7 (124 bytes) @ 0x00007f84a57c140c [0x00007f84a57c11a0+0x000000000000026c]
J 3577 c1 sun.security.ssl.SSLTransport.decode(Lsun/security/ssl/TransportContext;[Ljava/nio/ByteBuffer;II[Ljava/nio/ByteBuffer;II)Lsun/security/ssl/Plaintext; java.base@11.0.7 (479 bytes) @ 0x00007f84a564668c [0x00007f84a5646580+0x000000000000010c]
J 3576 c1 sun.security.ssl.SSLSocketImpl.decode(Ljava/nio/ByteBuffer;)Lsun/security/ssl/Plaintext; java.base@11.0.7 (94 bytes) @ 0x00007f84a564b4bc [0x00007f84a564b160+0x000000000000035c]
J 4958 c1 sun.security.ssl.SSLSocketImpl.readApplicationRecord(Ljava/nio/ByteBuffer;)Ljava/nio/ByteBuffer; java.base@11.0.7 (163 bytes) @ 0x00007f84a59f057c [0x00007f84a59efce0+0x000000000000089c]
J 4354 c1 sun.security.ssl.SSLSocketImpl$AppInputStream.read([BII)I java.base@11.0.7 (339 bytes) @ 0x00007f84a586f274 [0x00007f84a586dec0+0x00000000000013b4]
J 4003 c1 org.apache.maven.wagon.providers.http.httpclient.impl.io.SessionInputBufferImpl.read([BII)I (160 bytes) @ 0x00007f84a57970ec [0x00007f84a5796b00+0x00000000000005ec]
J 4247 c1 org.apache.maven.wagon.providers.http.httpclient.impl.io.ContentLengthInputStream.read([BII)I (156 bytes) @ 0x00007f84a583088c [0x00007f84a58306e0+0x00000000000001ac]
J 3550 c1 org.apache.maven.wagon.providers.http.httpclient.conn.EofSensorInputStream.read([BII)I (43 bytes) @ 0x00007f84a562b184 [0x00007f84a562af20+0x0000000000000264]
J 5967 c1 org.apache.maven.wagon.AbstractWagon.transfer(Lorg/apache/maven/wagon/resource/Resource;Ljava/io/InputStream;Ljava/io/OutputStream;IJ)V (103 bytes) @ 0x00007f84a5c63084 [0x00007f84a5c62a80+0x0000000000000604]
j  org.apache.maven.wagon.AbstractWagon.getTransfer(Lorg/apache/maven/wagon/resource/Resource;Ljava/io/OutputStream;Ljava/io/InputStream;ZJ)V+7
J 6591 c1 org.apache.maven.wagon.AbstractWagon.getTransfer(Lorg/apache/maven/wagon/resource/Resource;Ljava/io/File;Ljava/io/InputStream;ZJ)V (210 bytes) @ 0x00007f84a5e4ce9c [0x00007f84a5e4c480+0x0000000000000a1c]
J 6050 c1 org.apache.maven.wagon.StreamWagon.getIfNewer(Ljava/lang/String;Ljava/io/File;J)Z (120 bytes) @ 0x00007f84a5c9783c [0x00007f84a5c96b60+0x0000000000000cdc]
J 6049 c1 org.apache.maven.wagon.StreamWagon.get(Ljava/lang/String;Ljava/io/File;)V (9 bytes) @ 0x00007f84a5c9666c [0x00007f84a5c96540+0x000000000000012c]
J 6048 c1 org.eclipse.aether.transport.wagon.WagonTransporter$GetTaskRunner.run(Lorg/apache/maven/wagon/Wagon;)V (211 bytes) @ 0x00007f84a5c941b4 [0x00007f84a5c93c80+0x0000000000000534]
J 6014 c1 org.eclipse.aether.transport.wagon.WagonTransporter.execute(Lorg/eclipse/aether/spi/connector/transport/TransportTask;Lorg/eclipse/aether/transport/wagon/WagonTransporter$TaskRunner;)V (129 bytes) @ 0x00007f84a5c87944 [0x00007f84a5c86b00+0x0000000000000e44]
J 6798 c1 org.eclipse.aether.connector.basic.BasicRepositoryConnector$GetTaskRunner.runTask()V (321 bytes) @ 0x00007f84a5ec4624 [0x00007f84a5ec3640+0x0000000000000fe4]
J 6764 c1 org.eclipse.aether.connector.basic.BasicRepositoryConnector$TaskRunner.run()V (44 bytes) @ 0x00007f84a4edbcbc [0x00007f84a4edb8a0+0x000000000000041c]
J 6763 c1 org.eclipse.aether.util.concurrency.RunnableErrorForwarder$1.run()V (90 bytes) @ 0x00007f84a4f0a05c [0x00007f84a4f09f20+0x000000000000013c]
j  java.util.concurrent.ThreadPoolExecutor.runWorker(Ljava/util/concurrent/ThreadPoolExecutor$Worker;)V+92 java.base@11.0.7
j  java.util.concurrent.ThreadPoolExecutor$Worker.run()V+5 java.base@11.0.7
j  java.lang.Thread.run()V+11 java.base@11.0.7
v  ~StubRoutines::call_stub
V  [libjvm.so+0x84e319]
V  [libjvm.so+0x84c45d]
V  [libjvm.so+0x8f62ec]
V  [libjvm.so+0xd8918f]
V  [libjvm.so+0xd85acf]
V  [libjvm.so+0xbd59de]


siginfo: si_signo: 11 (SIGSEGV), si_code: 1 (SEGV_MAPERR), si_addr: 0x0000000236a530d0

Register to memory mapping:

RAX=0x000000000000006a is an unknown value
RBX=0x00000000a4b3bd78 points into unknown readable memory: 11 00 00 00 00 00 00 00
RCX=
[error occurred during error reporting (printing register info), id 0xb, SIGSEGV (0xb) at pc=0x00007f84c4309390]

Registers:
RAX=0x000000000000006a, RBX=0x00000000a4b3bd78, RCX=0x00000000ea7c7290, RDX=0x0000000017ac365a
RSP=0x00007f8494cd3d00, RBP=0x00000000f79940c1, RSI=0x00000000000000cb, RDI=0x00000000000000bc
R8 =0x0000000000000028, R9 =0x000000004ecb6bb4, R10=0x00000000f79940c1, R11=0x00000000647c5cd2
R12=0x0000000000000000, R13=0x00000000a4b3c9a8, R14=0x0000000000000059, R15=0x00007f84bc9cb000
RIP=0x00007f84ac4da3d7, EFLAGS=0x0000000000010286, CSGSFS=0x002b000000000033, ERR=0x0000000000000004
  TRAPNO=0x000000000000000e

Top of Stack: (sp=0x00007f8494cd3d00)
0x00007f8494cd3d00:   1292e31300000028 0000001c00000000
0x00007f8494cd3d10:   0404df14326a9a0d ecc39c4ce8c74358
0x00007f8494cd3d20:   00000028dea90641 00000008003b7370
0x00007f8494cd3d30:   0000000000000000 00007f84c4f7eb90 

Instructions: (pc=0x00007f84ac4da3d7)
0x00007f84ac4da2d7:   41 c1 ee 18 66 41 0f 7e da 41 c1 ea 10 45 0f b6
0x00007f84ac4da2e7:   d2 66 41 0f 6e f2 ba 00 00 00 80 44 8b 14 24 44
0x00007f84ac4da2f7:   3b 54 24 0c 44 8b 54 24 0c 44 0f 4c d2 44 89 54
0x00007f84ac4da307:   24 0c 49 ba 98 c5 b3 a4 00 00 00 00 41 8b 4c 8a
0x00007f84ac4da317:   10 47 8b 54 8a 10 66 41 0f 6e da 49 ba 98 c5 b3
0x00007f84ac4da327:   a4 00 00 00 00 43 8b 54 aa 10 66 41 0f 7e f2 49
0x00007f84ac4da337:   b9 98 c5 b3 a4 00 00 00 00 47 8b 4c 91 10 49 ba
0x00007f84ac4da347:   a8 c9 b3 a4 00 00 00 00 43 33 54 b2 10 66 41 0f
0x00007f84ac4da357:   7e e2 49 bd a8 c9 b3 a4 00 00 00 00 47 33 4c 95
0x00007f84ac4da367:   10 49 ba a8 c9 b3 a4 00 00 00 00 41 33 4c aa 10
0x00007f84ac4da377:   48 bd a8 c9 b3 a4 00 00 00 00 66 41 0f 7e da 46
0x00007f84ac4da387:   33 54 9d 10 49 bb 88 c1 b3 a4 00 00 00 00 45 33
0x00007f84ac4da397:   54 bb 10 41 8b ea 49 ba 88 c1 b3 a4 00 00 00 00
0x00007f84ac4da3a7:   41 33 54 9a 10 66 41 0f 7e ea 47 33 4c 93 10 49
0x00007f84ac4da3b7:   ba 88 c1 b3 a4 00 00 00 00 41 33 4c 82 10 44 8b
0x00007f84ac4da3c7:   d5 48 bb 78 bd b3 a4 00 00 00 00 66 45 0f 7e d3
0x00007f84ac4da3d7:   46 33 54 9b 10 41 8b da 49 ba 78 bd b3 a4 00 00
0x00007f84ac4da3e7:   00 00 41 33 54 b2 10 66 41 0f 7e d2 49 bb 78 bd
0x00007f84ac4da3f7:   b3 a4 00 00 00 00 47 33 4c 93 10 49 ba 78 bd b3
0x00007f84ac4da407:   a4 00 00 00 00 43 33 4c 82 10 33 4c 24 04 66 41
0x00007f84ac4da417:   0f 7e fb 45 33 4b 28 41 33 5b 20 66 0f 6e e3 41
0x00007f84ac4da427:   33 53 2c 44 8b 54 24 0c 41 83 fa 08 0f 8e f9 0e
0x00007f84ac4da437:   00 00 41 ba 08 00 00 00 44 89 54 24 24 44 8b 54
0x00007f84ac4da447:   24 0c 44 2b 54 24 24 41 bb 80 3e 00 00 45 3b d3
0x00007f84ac4da457:   45 0f 4f d3 44 03 54 24 24 44 89 54 24 04 66 66
0x00007f84ac4da467:   66 0f 1f 84 00 00 00 00 00 66 41 0f 7e fb 44 8b
0x00007f84ac4da477:   54 24 24 47 8b 54 93 40 44 89 54 24 10 44 8b 54
0x00007f84ac4da487:   24 24 47 8b 54 93 30 44 89 54 24 14 44 8b d9 41
0x00007f84ac4da497:   c1 eb 10 45 0f b6 db 49 ba 98 c5 b3 a4 00 00 00
0x00007f84ac4da4a7:   00 43 8b 5c 9a 10 44 8b d1 41 c1 ea 08 45 0f b6
0x00007f84ac4da4b7:   d2 8b c1 0f b6 c0 c1 e9 18 45 8b d9 41 c1 eb 08
0x00007f84ac4da4c7:   45 0f b6 db 45 8b c1 45 0f b6 c0 45 8b e9 41 c1 


Stack slot to memory mapping:
stack at sp + 0 slots: 0x1292e31300000028 is an unknown value
stack at sp + 1 slots: 0x0000001c00000000 is an unknown value
stack at sp + 2 slots: 0x0404df14326a9a0d is an unknown value
stack at sp + 3 slots: 0xecc39c4ce8c74358 is an unknown value
stack at sp + 4 slots: 0x00000028dea90641 is an unknown value
stack at sp + 5 slots: 0x00000008003b7370 is pointing into metadata
stack at sp + 6 slots: 0x0 is NULL
stack at sp + 7 slots: 0x00007f84c4f7eb90: <offset 0x000000000139eb90> in /usr/lib/jvm/java-11-openjdk-amd64/lib/server/libjvm.so at 0x00007f84c3be0000



---------------  P R O C E S S  ---------------

Threads class SMR info:
_java_thread_list=0x00007f84bc9d0610, length=14, elements={
0x00007f84bc016000, 0x00007f84bc0e1800, 0x00007f84bc0e3800, 0x00007f84bc0f3800,
0x00007f84bc0f5800, 0x00007f84bc0f8000, 0x00007f84bc0fa000, 0x00007f84bc129000,
0x00007f84bc12e000, 0x00007f84bc42f000, 0x00007f84bc9ca000, 0x00007f84bc9cb000,
0x00007f84bc9cd000, 0x00007f84bc9ce800
}

Java Threads: ( => current thread )
  0x00007f84bc016000 JavaThread "main" [_thread_blocked, id=8880, stack(0x00007f84c5d66000,0x00007f84c5e67000)]
  0x00007f84bc0e1800 JavaThread "Reference Handler" daemon [_thread_blocked, id=8887, stack(0x00007f84a480c000,0x00007f84a490d000)]
  0x00007f84bc0e3800 JavaThread "Finalizer" daemon [_thread_blocked, id=8888, stack(0x00007f84a470b000,0x00007f84a480c000)]
  0x00007f84bc0f3800 JavaThread "Signal Dispatcher" daemon [_thread_blocked, id=8889, stack(0x00007f84a42fc000,0x00007f84a43fd000)]
  0x00007f84bc0f5800 JavaThread "C2 CompilerThread0" daemon [_thread_blocked, id=8890, stack(0x00007f84a41fb000,0x00007f84a42fc000)]
  0x00007f84bc0f8000 JavaThread "C1 CompilerThread0" daemon [_thread_blocked, id=8891, stack(0x00007f84a40fa000,0x00007f84a41fb000)]
  0x00007f84bc0fa000 JavaThread "Sweeper thread" daemon [_thread_blocked, id=8892, stack(0x00007f849d11f000,0x00007f849d220000)]
  0x00007f84bc129000 JavaThread "Service Thread" daemon [_thread_blocked, id=8893, stack(0x00007f849d01e000,0x00007f849d11f000)]
  0x00007f84bc12e000 JavaThread "Common-Cleaner" daemon [_thread_blocked, id=8895, stack(0x00007f849ce1b000,0x00007f849cf1c000)]
  0x00007f84bc42f000 JavaThread "BasicRepositoryConnector-repo.spring.io-0-0" daemon [_thread_blocked, id=10379, stack(0x00007f8494dd8000,0x00007f8494ed9000)]
  0x00007f84bc9ca000 JavaThread "BasicRepositoryConnector-repo.spring.io-0-1" daemon [_thread_blocked, id=10380, stack(0x00007f8494cd7000,0x00007f8494dd8000)]
=>0x00007f84bc9cb000 JavaThread "BasicRepositoryConnector-repo.spring.io-0-2" daemon [_thread_in_Java, id=10381, stack(0x00007f8494bd6000,0x00007f8494cd7000)]
  0x00007f84bc9cd000 JavaThread "BasicRepositoryConnector-repo.spring.io-0-3" daemon [_thread_blocked, id=10382, stack(0x00007f8494ad5000,0x00007f8494bd6000)]
  0x00007f84bc9ce800 JavaThread "BasicRepositoryConnector-repo.spring.io-0-4" daemon [_thread_blocked, id=10383, stack(0x00007f84949d4000,0x00007f8494ad5000)]

Other Threads:
  0x00007f84bc0de800 VMThread "VM Thread" [stack: 0x00007f84c00b3000,0x00007f84c01b3000] [id=8886] _threads_hazard_ptr=0x00007f84bc9d0610
  0x00007f84bc12b000 WatcherThread [stack: 0x00007f849cf1e000,0x00007f849d01e000] [id=8894]
  0x00007f84bc02e800 GCTaskThread "GC Thread#0" [stack: 0x00007f84c1d39000,0x00007f84c1e39000] [id=8881]
  0x00007f8488001000 GCTaskThread "GC Thread#1" [stack: 0x00007f849c8f3000,0x00007f849c9f3000] [id=8896]
  0x00007f8488058800 GCTaskThread "GC Thread#2" [stack: 0x00007f84950db000,0x00007f84951db000] [id=9817]
  0x00007f84bc054000 ConcurrentGCThread "G1 Main Marker" [stack: 0x00007f84c109a000,0x00007f84c119a000] [id=8882]
  0x00007f84bc056000 ConcurrentGCThread "G1 Conc#0" [stack: 0x00007f84c0f98000,0x00007f84c1098000] [id=8883]
  0x00007f84bc0ae000 ConcurrentGCThread "G1 Refine#0" [stack: 0x00007f84c0b93000,0x00007f84c0c93000] [id=8884]
  0x00007f84bc0b0000 ConcurrentGCThread "G1 Young RemSet Sampling" [stack: 0x00007f84c0a91000,0x00007f84c0b91000] [id=8885]

Threads with active compile tasks:
C2 CompilerThread0  99881 6926       4       org.apache.maven.cli.transfer.ConsoleMavenTransferListener::getStatus (83 bytes)

VM state:synchronizing (normal execution)

VM Mutex/Monitor currently owned by a thread:  ([mutex/lock_event])
[0x00007f84bc012250] Safepoint_lock - owner thread: 0x00007f84bc0de800
[0x00007f84bc0122e0] Threads_lock - owner thread: 0x00007f84bc0de800

Heap address: 0x00000000a4400000, size: 1468 MB, Compressed Oops mode: 32-bit
Narrow klass base: 0x0000000800000000, Narrow klass shift: 3
Compressed class space size: 1073741824 Address: 0x0000000840000000

Heap:
 garbage-first heap   total 196608K, used 93525K [0x00000000a4400000, 0x0000000100000000)
  region size 1024K, 70 young (71680K), 7 survivors (7168K)
 Metaspace       used 24807K, capacity 25211K, committed 25600K, reserved 1073152K
  class space    used 2629K, capacity 2759K, committed 2816K, reserved 1048576K
Heap Regions: E=young(eden), S=young(survivor), O=old, HS=humongous(starts), HC=humongous(continues), CS=collection set, F=free, A=archive, TAMS=top-at-mark-start (previous, next)
|   0|0x00000000a4400000, 0x00000000a4500000, 0x00000000a4500000|100%| O|  |TAMS 0x00000000a4500000, 0x00000000a4400000| Untracked 
|   1|0x00000000a4500000, 0x00000000a4600000, 0x00000000a4600000|100%| O|  |TAMS 0x00000000a4600000, 0x00000000a4500000| Untracked 
|   2|0x00000000a4600000, 0x00000000a4700000, 0x00000000a4700000|100%| O|  |TAMS 0x00000000a46ce600, 0x00000000a4600000| Untracked 
|   3|0x00000000a4700000, 0x00000000a4800000, 0x00000000a4800000|100%| O|  |TAMS 0x00000000a4700000, 0x00000000a4700000| Untracked 
|   4|0x00000000a4800000, 0x00000000a4900000, 0x00000000a4900000|100%| O|  |TAMS 0x00000000a4800000, 0x00000000a4800000| Untracked 
|   5|0x00000000a4900000, 0x00000000a4a00000, 0x00000000a4a00000|100%| O|  |TAMS 0x00000000a4900000, 0x00000000a4900000| Untracked 
|   6|0x00000000a4a00000, 0x00000000a4b00000, 0x00000000a4b00000|100%| O|  |TAMS 0x00000000a4a00000, 0x00000000a4a00000| Untracked 
|   7|0x00000000a4b00000, 0x00000000a4c00000, 0x00000000a4c00000|100%| O|  |TAMS 0x00000000a4b00000, 0x00000000a4b00000| Untracked 
|   8|0x00000000a4c00000, 0x00000000a4d00000, 0x00000000a4d00000|100%| O|  |TAMS 0x00000000a4c00000, 0x00000000a4c00000| Untracked 
|   9|0x00000000a4d00000, 0x00000000a4e00000, 0x00000000a4e00000|100%| O|  |TAMS 0x00000000a4d00000, 0x00000000a4d00000| Untracked 
|  10|0x00000000a4e00000, 0x00000000a4f00000, 0x00000000a4f00000|100%| O|  |TAMS 0x00000000a4e00000, 0x00000000a4e00000| Untracked 
|  11|0x00000000a4f00000, 0x00000000a5000000, 0x00000000a5000000|100%| O|  |TAMS 0x00000000a4f00000, 0x00000000a4f00000| Untracked 
|  12|0x00000000a5000000, 0x00000000a5100000, 0x00000000a5100000|100%| O|  |TAMS 0x00000000a5000000, 0x00000000a5000000| Untracked 
|  13|0x00000000a5100000, 0x00000000a5200000, 0x00000000a5200000|100%| O|  |TAMS 0x00000000a5100000, 0x00000000a5100000| Untracked 
|  14|0x00000000a5200000, 0x00000000a5300000, 0x00000000a5300000|100%| O|  |TAMS 0x00000000a5200000, 0x00000000a5200000| Untracked 
|  15|0x00000000a5300000, 0x00000000a5400000, 0x00000000a5400000|100%| O|  |TAMS 0x00000000a5300000, 0x00000000a5300000| Untracked 
|  16|0x00000000a5400000, 0x00000000a5500000, 0x00000000a5500000|100%| O|  |TAMS 0x00000000a5400000, 0x00000000a5400000| Untracked 
|  17|0x00000000a5500000, 0x00000000a5600000, 0x00000000a5600000|100%| O|  |TAMS 0x00000000a5500000, 0x00000000a5500000| Untracked 
|  18|0x00000000a5600000, 0x00000000a5700000, 0x00000000a5700000|100%| O|  |TAMS 0x00000000a5600000, 0x00000000a5600000| Untracked 
|  19|0x00000000a5700000, 0x00000000a5800000, 0x00000000a5800000|100%| O|  |TAMS 0x00000000a5700000, 0x00000000a5700000| Untracked 
|  20|0x00000000a5800000, 0x00000000a5900000, 0x00000000a5900000|100%| O|  |TAMS 0x00000000a5800000, 0x00000000a5800000| Untracked 
|  21|0x00000000a5900000, 0x00000000a5a00000, 0x00000000a5a00000|100%| O|  |TAMS 0x00000000a5900000, 0x00000000a5900000| Untracked 
|  22|0x00000000a5a00000, 0x00000000a5a00000, 0x00000000a5b00000|  0%| F|  |TAMS 0x00000000a5a00000, 0x00000000a5a00000| Untracked 
|  23|0x00000000a5b00000, 0x00000000a5b00000, 0x00000000a5c00000|  0%| F|  |TAMS 0x00000000a5b00000, 0x00000000a5b00000| Untracked 
|  24|0x00000000a5c00000, 0x00000000a5c00000, 0x00000000a5d00000|  0%| F|  |TAMS 0x00000000a5c00000, 0x00000000a5c00000| Untracked 
|  25|0x00000000a5d00000, 0x00000000a5d00000, 0x00000000a5e00000|  0%| F|  |TAMS 0x00000000a5d00000, 0x00000000a5d00000| Untracked 
|  26|0x00000000a5e00000, 0x00000000a5e00000, 0x00000000a5f00000|  0%| F|  |TAMS 0x00000000a5e00000, 0x00000000a5e00000| Untracked 
|  27|0x00000000a5f00000, 0x00000000a5f00000, 0x00000000a6000000|  0%| F|  |TAMS 0x00000000a5f00000, 0x00000000a5f00000| Untracked 
|  28|0x00000000a6000000, 0x00000000a6000000, 0x00000000a6100000|  0%| F|  |TAMS 0x00000000a6000000, 0x00000000a6000000| Untracked 
|  29|0x00000000a6100000, 0x00000000a6100000, 0x00000000a6200000|  0%| F|  |TAMS 0x00000000a6100000, 0x00000000a6100000| Untracked 
|  30|0x00000000a6200000, 0x00000000a6200000, 0x00000000a6300000|  0%| F|  |TAMS 0x00000000a6200000, 0x00000000a6200000| Untracked 
|  31|0x00000000a6300000, 0x00000000a6300000, 0x00000000a6400000|  0%| F|  |TAMS 0x00000000a6300000, 0x00000000a6300000| Untracked 
|  32|0x00000000a6400000, 0x00000000a6400000, 0x00000000a6500000|  0%| F|  |TAMS 0x00000000a6400000, 0x00000000a6400000| Untracked 
|  33|0x00000000a6500000, 0x00000000a6500000, 0x00000000a6600000|  0%| F|  |TAMS 0x00000000a6500000, 0x00000000a6500000| Untracked 
|  34|0x00000000a6600000, 0x00000000a6600000, 0x00000000a6700000|  0%| F|  |TAMS 0x00000000a6600000, 0x00000000a6600000| Untracked 
|  35|0x00000000a6700000, 0x00000000a6700000, 0x00000000a6800000|  0%| F|  |TAMS 0x00000000a6700000, 0x00000000a6700000| Untracked 
|  36|0x00000000a6800000, 0x00000000a6800000, 0x00000000a6900000|  0%| F|  |TAMS 0x00000000a6800000, 0x00000000a6800000| Untracked 
|  37|0x00000000a6900000, 0x00000000a6900000, 0x00000000a6a00000|  0%| F|  |TAMS 0x00000000a6900000, 0x00000000a6900000| Untracked 
|  38|0x00000000a6a00000, 0x00000000a6a00000, 0x00000000a6b00000|  0%| F|  |TAMS 0x00000000a6a00000, 0x00000000a6a00000| Untracked 
|  39|0x00000000a6b00000, 0x00000000a6b00000, 0x00000000a6c00000|  0%| F|  |TAMS 0x00000000a6b00000, 0x00000000a6b00000| Untracked 
|  40|0x00000000a6c00000, 0x00000000a6c00000, 0x00000000a6d00000|  0%| F|  |TAMS 0x00000000a6c00000, 0x00000000a6c00000| Untracked 
|  41|0x00000000a6d00000, 0x00000000a6d00000, 0x00000000a6e00000|  0%| F|  |TAMS 0x00000000a6d00000, 0x00000000a6d00000| Untracked 
|  42|0x00000000a6e00000, 0x00000000a6e00000, 0x00000000a6f00000|  0%| F|  |TAMS 0x00000000a6e00000, 0x00000000a6e00000| Untracked 
|  43|0x00000000a6f00000, 0x00000000a6f00000, 0x00000000a7000000|  0%| F|  |TAMS 0x00000000a6f00000, 0x00000000a6f00000| Untracked 
|  44|0x00000000a7000000, 0x00000000a7000000, 0x00000000a7100000|  0%| F|  |TAMS 0x00000000a7000000, 0x00000000a7000000| Untracked 
|  45|0x00000000a7100000, 0x00000000a7100000, 0x00000000a7200000|  0%| F|  |TAMS 0x00000000a7100000, 0x00000000a7100000| Untracked 
|  46|0x00000000a7200000, 0x00000000a7200000, 0x00000000a7300000|  0%| F|  |TAMS 0x00000000a7200000, 0x00000000a7200000| Untracked 
|  47|0x00000000a7300000, 0x00000000a7300000, 0x00000000a7400000|  0%| F|  |TAMS 0x00000000a7300000, 0x00000000a7300000| Untracked 
|  48|0x00000000a7400000, 0x00000000a7400000, 0x00000000a7500000|  0%| F|  |TAMS 0x00000000a7400000, 0x00000000a7400000| Untracked 
|  49|0x00000000a7500000, 0x00000000a7500000, 0x00000000a7600000|  0%| F|  |TAMS 0x00000000a7500000, 0x00000000a7500000| Untracked 
|  50|0x00000000a7600000, 0x00000000a7600000, 0x00000000a7700000|  0%| F|  |TAMS 0x00000000a7600000, 0x00000000a7600000| Untracked 
|  51|0x00000000a7700000, 0x00000000a7700000, 0x00000000a7800000|  0%| F|  |TAMS 0x00000000a7700000, 0x00000000a7700000| Untracked 
|  52|0x00000000a7800000, 0x00000000a7800000, 0x00000000a7900000|  0%| F|  |TAMS 0x00000000a7800000, 0x00000000a7800000| Untracked 
|  53|0x00000000a7900000, 0x00000000a7900000, 0x00000000a7a00000|  0%| F|  |TAMS 0x00000000a7900000, 0x00000000a7900000| Untracked 
|  54|0x00000000a7a00000, 0x00000000a7a00000, 0x00000000a7b00000|  0%| F|  |TAMS 0x00000000a7a00000, 0x00000000a7a00000| Untracked 
|  55|0x00000000a7b00000, 0x00000000a7b00000, 0x00000000a7c00000|  0%| F|  |TAMS 0x00000000a7b00000, 0x00000000a7b00000| Untracked 
|  56|0x00000000a7c00000, 0x00000000a7c00000, 0x00000000a7d00000|  0%| F|  |TAMS 0x00000000a7c00000, 0x00000000a7c00000| Untracked 
|  57|0x00000000a7d00000, 0x00000000a7d00000, 0x00000000a7e00000|  0%| F|  |TAMS 0x00000000a7d00000, 0x00000000a7d00000| Untracked 
|  58|0x00000000a7e00000, 0x00000000a7e00000, 0x00000000a7f00000|  0%| F|  |TAMS 0x00000000a7e00000, 0x00000000a7e00000| Untracked 
|  59|0x00000000a7f00000, 0x00000000a7f00000, 0x00000000a8000000|  0%| F|  |TAMS 0x00000000a7f00000, 0x00000000a7f00000| Untracked 
|  60|0x00000000a8000000, 0x00000000a8000000, 0x00000000a8100000|  0%| F|  |TAMS 0x00000000a8000000, 0x00000000a8000000| Untracked 
|  61|0x00000000a8100000, 0x00000000a8100000, 0x00000000a8200000|  0%| F|  |TAMS 0x00000000a8100000, 0x00000000a8100000| Untracked 
|  62|0x00000000a8200000, 0x00000000a8200000, 0x00000000a8300000|  0%| F|  |TAMS 0x00000000a8200000, 0x00000000a8200000| Untracked 
|  63|0x00000000a8300000, 0x00000000a8300000, 0x00000000a8400000|  0%| F|  |TAMS 0x00000000a8300000, 0x00000000a8300000| Untracked 
|  64|0x00000000a8400000, 0x00000000a8400000, 0x00000000a8500000|  0%| F|  |TAMS 0x00000000a8400000, 0x00000000a8400000| Untracked 
|  65|0x00000000a8500000, 0x00000000a8500000, 0x00000000a8600000|  0%| F|  |TAMS 0x00000000a8500000, 0x00000000a8500000| Untracked 
|  66|0x00000000a8600000, 0x00000000a8600000, 0x00000000a8700000|  0%| F|  |TAMS 0x00000000a8600000, 0x00000000a8600000| Untracked 
|  67|0x00000000a8700000, 0x00000000a8700000, 0x00000000a8800000|  0%| F|  |TAMS 0x00000000a8700000, 0x00000000a8700000| Untracked 
|  68|0x00000000a8800000, 0x00000000a88a4440, 0x00000000a8900000| 64%| S|CS|TAMS 0x00000000a8800000, 0x00000000a8800000| Complete 
|  69|0x00000000a8900000, 0x00000000a8a00000, 0x00000000a8a00000|100%| S|CS|TAMS 0x00000000a8900000, 0x00000000a8900000| Complete 
|  70|0x00000000a8a00000, 0x00000000a8b00000, 0x00000000a8b00000|100%| S|CS|TAMS 0x00000000a8a00000, 0x00000000a8a00000| Complete 
|  71|0x00000000a8b00000, 0x00000000a8c00000, 0x00000000a8c00000|100%| S|CS|TAMS 0x00000000a8b00000, 0x00000000a8b00000| Complete 
|  72|0x00000000a8c00000, 0x00000000a8d00000, 0x00000000a8d00000|100%| S|CS|TAMS 0x00000000a8c00000, 0x00000000a8c00000| Complete 
|  73|0x00000000a8d00000, 0x00000000a8e00000, 0x00000000a8e00000|100%| S|CS|TAMS 0x00000000a8d00000, 0x00000000a8d00000| Complete 
|  74|0x00000000a8e00000, 0x00000000a8f00000, 0x00000000a8f00000|100%| S|CS|TAMS 0x00000000a8e00000, 0x00000000a8e00000| Complete 
|  75|0x00000000a8f00000, 0x00000000a8f00000, 0x00000000a9000000|  0%| F|  |TAMS 0x00000000a8f00000, 0x00000000a8f00000| Untracked 
|  76|0x00000000a9000000, 0x00000000a9000000, 0x00000000a9100000|  0%| F|  |TAMS 0x00000000a9000000, 0x00000000a9000000| Untracked 
|  77|0x00000000a9100000, 0x00000000a9100000, 0x00000000a9200000|  0%| F|  |TAMS 0x00000000a9100000, 0x00000000a9100000| Untracked 
|  78|0x00000000a9200000, 0x00000000a9200000, 0x00000000a9300000|  0%| F|  |TAMS 0x00000000a9200000, 0x00000000a9200000| Untracked 
|  79|0x00000000a9300000, 0x00000000a9300000, 0x00000000a9400000|  0%| F|  |TAMS 0x00000000a9300000, 0x00000000a9300000| Untracked 
|  80|0x00000000a9400000, 0x00000000a9400000, 0x00000000a9500000|  0%| F|  |TAMS 0x00000000a9400000, 0x00000000a9400000| Untracked 
|  81|0x00000000a9500000, 0x00000000a9500000, 0x00000000a9600000|  0%| F|  |TAMS 0x00000000a9500000, 0x00000000a9500000| Untracked 
|  82|0x00000000a9600000, 0x00000000a9600000, 0x00000000a9700000|  0%| F|  |TAMS 0x00000000a9600000, 0x00000000a9600000| Untracked 
|  83|0x00000000a9700000, 0x00000000a9700000, 0x00000000a9800000|  0%| F|  |TAMS 0x00000000a9700000, 0x00000000a9700000| Untracked 
|  84|0x00000000a9800000, 0x00000000a9800000, 0x00000000a9900000|  0%| F|  |TAMS 0x00000000a9800000, 0x00000000a9800000| Untracked 
|  85|0x00000000a9900000, 0x00000000a9900000, 0x00000000a9a00000|  0%| F|  |TAMS 0x00000000a9900000, 0x00000000a9900000| Untracked 
|  86|0x00000000a9a00000, 0x00000000a9a00000, 0x00000000a9b00000|  0%| F|  |TAMS 0x00000000a9a00000, 0x00000000a9a00000| Untracked 
|  87|0x00000000a9b00000, 0x00000000a9b00000, 0x00000000a9c00000|  0%| F|  |TAMS 0x00000000a9b00000, 0x00000000a9b00000| Untracked 
|  88|0x00000000a9c00000, 0x00000000a9c00000, 0x00000000a9d00000|  0%| F|  |TAMS 0x00000000a9c00000, 0x00000000a9c00000| Untracked 
|  89|0x00000000a9d00000, 0x00000000a9d00000, 0x00000000a9e00000|  0%| F|  |TAMS 0x00000000a9d00000, 0x00000000a9d00000| Untracked 
|  90|0x00000000a9e00000, 0x00000000a9e00000, 0x00000000a9f00000|  0%| F|  |TAMS 0x00000000a9e00000, 0x00000000a9e00000| Untracked 
|  91|0x00000000a9f00000, 0x00000000a9f00000, 0x00000000aa000000|  0%| F|  |TAMS 0x00000000a9f00000, 0x00000000a9f00000| Untracked 
|  92|0x00000000aa000000, 0x00000000aa000000, 0x00000000aa100000|  0%| F|  |TAMS 0x00000000aa000000, 0x00000000aa000000| Untracked 
|  93|0x00000000aa100000, 0x00000000aa100000, 0x00000000aa200000|  0%| F|  |TAMS 0x00000000aa100000, 0x00000000aa100000| Untracked 
|  94|0x00000000aa200000, 0x00000000aa200000, 0x00000000aa300000|  0%| F|  |TAMS 0x00000000aa200000, 0x00000000aa200000| Untracked 
|  95|0x00000000aa300000, 0x00000000aa300000, 0x00000000aa400000|  0%| F|  |TAMS 0x00000000aa300000, 0x00000000aa300000| Untracked 
|  96|0x00000000aa400000, 0x00000000aa400000, 0x00000000aa500000|  0%| F|  |TAMS 0x00000000aa400000, 0x00000000aa400000| Untracked 
|  97|0x00000000aa500000, 0x00000000aa500000, 0x00000000aa600000|  0%| F|  |TAMS 0x00000000aa500000, 0x00000000aa500000| Untracked 
|  98|0x00000000aa600000, 0x00000000aa600000, 0x00000000aa700000|  0%| F|  |TAMS 0x00000000aa600000, 0x00000000aa600000| Untracked 
|  99|0x00000000aa700000, 0x00000000aa700000, 0x00000000aa800000|  0%| F|  |TAMS 0x00000000aa700000, 0x00000000aa700000| Untracked 
| 100|0x00000000aa800000, 0x00000000aa800000, 0x00000000aa900000|  0%| F|  |TAMS 0x00000000aa800000, 0x00000000aa800000| Untracked 
| 101|0x00000000aa900000, 0x00000000aa900000, 0x00000000aaa00000|  0%| F|  |TAMS 0x00000000aa900000, 0x00000000aa900000| Untracked 
| 102|0x00000000aaa00000, 0x00000000aaa00000, 0x00000000aab00000|  0%| F|  |TAMS 0x00000000aaa00000, 0x00000000aaa00000| Untracked 
| 103|0x00000000aab00000, 0x00000000aab00000, 0x00000000aac00000|  0%| F|  |TAMS 0x00000000aab00000, 0x00000000aab00000| Untracked 
| 104|0x00000000aac00000, 0x00000000aac00000, 0x00000000aad00000|  0%| F|  |TAMS 0x00000000aac00000, 0x00000000aac00000| Untracked 
| 105|0x00000000aad00000, 0x00000000aad00000, 0x00000000aae00000|  0%| F|  |TAMS 0x00000000aad00000, 0x00000000aad00000| Untracked 
| 106|0x00000000aae00000, 0x00000000aae00000, 0x00000000aaf00000|  0%| F|  |TAMS 0x00000000aae00000, 0x00000000aae00000| Untracked 
| 107|0x00000000aaf00000, 0x00000000aaf00000, 0x00000000ab000000|  0%| F|  |TAMS 0x00000000aaf00000, 0x00000000aaf00000| Untracked 
| 108|0x00000000ab000000, 0x00000000ab000000, 0x00000000ab100000|  0%| F|  |TAMS 0x00000000ab000000, 0x00000000ab000000| Untracked 
| 109|0x00000000ab100000, 0x00000000ab100000, 0x00000000ab200000|  0%| F|  |TAMS 0x00000000ab100000, 0x00000000ab100000| Untracked 
| 110|0x00000000ab200000, 0x00000000ab200000, 0x00000000ab300000|  0%| F|  |TAMS 0x00000000ab200000, 0x00000000ab200000| Untracked 
| 111|0x00000000ab300000, 0x00000000ab300000, 0x00000000ab400000|  0%| F|  |TAMS 0x00000000ab300000, 0x00000000ab300000| Untracked 
| 112|0x00000000ab400000, 0x00000000ab400000, 0x00000000ab500000|  0%| F|  |TAMS 0x00000000ab400000, 0x00000000ab400000| Untracked 
| 113|0x00000000ab500000, 0x00000000ab500000, 0x00000000ab600000|  0%| F|  |TAMS 0x00000000ab500000, 0x00000000ab500000| Untracked 
| 114|0x00000000ab600000, 0x00000000ab600000, 0x00000000ab700000|  0%| F|  |TAMS 0x00000000ab600000, 0x00000000ab600000| Untracked 
| 115|0x00000000ab700000, 0x00000000ab700000, 0x00000000ab800000|  0%| F|  |TAMS 0x00000000ab700000, 0x00000000ab700000| Untracked 
| 116|0x00000000ab800000, 0x00000000ab800000, 0x00000000ab900000|  0%| F|  |TAMS 0x00000000ab800000, 0x00000000ab800000| Untracked 
| 117|0x00000000ab900000, 0x00000000ab900000, 0x00000000aba00000|  0%| F|  |TAMS 0x00000000ab900000, 0x00000000ab900000| Untracked 
| 118|0x00000000aba00000, 0x00000000aba00000, 0x00000000abb00000|  0%| F|  |TAMS 0x00000000aba00000, 0x00000000aba00000| Untracked 
| 119|0x00000000abb00000, 0x00000000abb00000, 0x00000000abc00000|  0%| F|  |TAMS 0x00000000abb00000, 0x00000000abb00000| Untracked 
| 120|0x00000000abc00000, 0x00000000abc00000, 0x00000000abd00000|  0%| F|  |TAMS 0x00000000abc00000, 0x00000000abc00000| Untracked 
| 121|0x00000000abd00000, 0x00000000abd00000, 0x00000000abe00000|  0%| F|  |TAMS 0x00000000abd00000, 0x00000000abd00000| Untracked 
| 122|0x00000000abe00000, 0x00000000abe00000, 0x00000000abf00000|  0%| F|  |TAMS 0x00000000abe00000, 0x00000000abe00000| Untracked 
| 123|0x00000000abf00000, 0x00000000abf00000, 0x00000000ac000000|  0%| F|  |TAMS 0x00000000abf00000, 0x00000000abf00000| Untracked 
| 124|0x00000000ac000000, 0x00000000ac000000, 0x00000000ac100000|  0%| F|  |TAMS 0x00000000ac000000, 0x00000000ac000000| Untracked 
| 125|0x00000000ac100000, 0x00000000ac100000, 0x00000000ac200000|  0%| F|  |TAMS 0x00000000ac100000, 0x00000000ac100000| Untracked 
| 126|0x00000000ac200000, 0x00000000ac200000, 0x00000000ac300000|  0%| F|  |TAMS 0x00000000ac200000, 0x00000000ac200000| Untracked 
| 127|0x00000000ac300000, 0x00000000ac400000, 0x00000000ac400000|100%| E|  |TAMS 0x00000000ac300000, 0x00000000ac300000| Complete 
| 128|0x00000000ac400000, 0x00000000ac500000, 0x00000000ac500000|100%| E|CS|TAMS 0x00000000ac400000, 0x00000000ac400000| Complete 
| 129|0x00000000ac500000, 0x00000000ac600000, 0x00000000ac600000|100%| E|CS|TAMS 0x00000000ac500000, 0x00000000ac500000| Complete 
| 130|0x00000000ac600000, 0x00000000ac700000, 0x00000000ac700000|100%| E|CS|TAMS 0x00000000ac600000, 0x00000000ac600000| Complete 
| 131|0x00000000ac700000, 0x00000000ac800000, 0x00000000ac800000|100%| E|CS|TAMS 0x00000000ac700000, 0x00000000ac700000| Complete 
| 132|0x00000000ac800000, 0x00000000ac900000, 0x00000000ac900000|100%| E|CS|TAMS 0x00000000ac800000, 0x00000000ac800000| Complete 
| 133|0x00000000ac900000, 0x00000000aca00000, 0x00000000aca00000|100%| E|CS|TAMS 0x00000000ac900000, 0x00000000ac900000| Complete 
| 134|0x00000000aca00000, 0x00000000acb00000, 0x00000000acb00000|100%| E|CS|TAMS 0x00000000aca00000, 0x00000000aca00000| Complete 
| 135|0x00000000acb00000, 0x00000000acc00000, 0x00000000acc00000|100%| E|CS|TAMS 0x00000000acb00000, 0x00000000acb00000| Complete 
| 136|0x00000000acc00000, 0x00000000acd00000, 0x00000000acd00000|100%| E|CS|TAMS 0x00000000acc00000, 0x00000000acc00000| Complete 
| 137|0x00000000acd00000, 0x00000000ace00000, 0x00000000ace00000|100%| E|CS|TAMS 0x00000000acd00000, 0x00000000acd00000| Complete 
| 138|0x00000000ace00000, 0x00000000acf00000, 0x00000000acf00000|100%| E|CS|TAMS 0x00000000ace00000, 0x00000000ace00000| Complete 
| 139|0x00000000acf00000, 0x00000000ad000000, 0x00000000ad000000|100%| E|CS|TAMS 0x00000000acf00000, 0x00000000acf00000| Complete 
| 140|0x00000000ad000000, 0x00000000ad100000, 0x00000000ad100000|100%| E|CS|TAMS 0x00000000ad000000, 0x00000000ad000000| Complete 
| 141|0x00000000ad100000, 0x00000000ad200000, 0x00000000ad200000|100%| E|CS|TAMS 0x00000000ad100000, 0x00000000ad100000| Complete 
| 142|0x00000000ad200000, 0x00000000ad300000, 0x00000000ad300000|100%| E|CS|TAMS 0x00000000ad200000, 0x00000000ad200000| Complete 
| 143|0x00000000ad300000, 0x00000000ad400000, 0x00000000ad400000|100%| E|CS|TAMS 0x00000000ad300000, 0x00000000ad300000| Complete 
| 144|0x00000000ad400000, 0x00000000ad500000, 0x00000000ad500000|100%| E|CS|TAMS 0x00000000ad400000, 0x00000000ad400000| Complete 
| 145|0x00000000ad500000, 0x00000000ad600000, 0x00000000ad600000|100%| E|CS|TAMS 0x00000000ad500000, 0x00000000ad500000| Complete 
| 146|0x00000000ad600000, 0x00000000ad700000, 0x00000000ad700000|100%| E|CS|TAMS 0x00000000ad600000, 0x00000000ad600000| Complete 
| 147|0x00000000ad700000, 0x00000000ad800000, 0x00000000ad800000|100%| E|CS|TAMS 0x00000000ad700000, 0x00000000ad700000| Complete 
| 148|0x00000000ad800000, 0x00000000ad900000, 0x00000000ad900000|100%| E|CS|TAMS 0x00000000ad800000, 0x00000000ad800000| Complete 
| 149|0x00000000ad900000, 0x00000000ada00000, 0x00000000ada00000|100%| E|CS|TAMS 0x00000000ad900000, 0x00000000ad900000| Complete 
| 150|0x00000000ada00000, 0x00000000adb00000, 0x00000000adb00000|100%| E|CS|TAMS 0x00000000ada00000, 0x00000000ada00000| Complete 
| 151|0x00000000adb00000, 0x00000000adc00000, 0x00000000adc00000|100%| E|CS|TAMS 0x00000000adb00000, 0x00000000adb00000| Complete 
| 152|0x00000000adc00000, 0x00000000add00000, 0x00000000add00000|100%| E|CS|TAMS 0x00000000adc00000, 0x00000000adc00000| Complete 
| 153|0x00000000add00000, 0x00000000ade00000, 0x00000000ade00000|100%| E|CS|TAMS 0x00000000add00000, 0x00000000add00000| Complete 
| 154|0x00000000ade00000, 0x00000000adf00000, 0x00000000adf00000|100%| E|CS|TAMS 0x00000000ade00000, 0x00000000ade00000| Complete 
| 155|0x00000000adf00000, 0x00000000ae000000, 0x00000000ae000000|100%| E|CS|TAMS 0x00000000adf00000, 0x00000000adf00000| Complete 
| 156|0x00000000ae000000, 0x00000000ae100000, 0x00000000ae100000|100%| E|CS|TAMS 0x00000000ae000000, 0x00000000ae000000| Complete 
| 157|0x00000000ae100000, 0x00000000ae200000, 0x00000000ae200000|100%| E|CS|TAMS 0x00000000ae100000, 0x00000000ae100000| Complete 
| 158|0x00000000ae200000, 0x00000000ae300000, 0x00000000ae300000|100%| E|CS|TAMS 0x00000000ae200000, 0x00000000ae200000| Complete 
| 159|0x00000000ae300000, 0x00000000ae400000, 0x00000000ae400000|100%| E|CS|TAMS 0x00000000ae300000, 0x00000000ae300000| Complete 
| 160|0x00000000ae400000, 0x00000000ae500000, 0x00000000ae500000|100%| E|CS|TAMS 0x00000000ae400000, 0x00000000ae400000| Complete 
| 161|0x00000000ae500000, 0x00000000ae600000, 0x00000000ae600000|100%| E|CS|TAMS 0x00000000ae500000, 0x00000000ae500000| Complete 
| 162|0x00000000ae600000, 0x00000000ae700000, 0x00000000ae700000|100%| E|CS|TAMS 0x00000000ae600000, 0x00000000ae600000| Complete 
| 163|0x00000000ae700000, 0x00000000ae800000, 0x00000000ae800000|100%| E|CS|TAMS 0x00000000ae700000, 0x00000000ae700000| Complete 
| 164|0x00000000ae800000, 0x00000000ae900000, 0x00000000ae900000|100%| E|CS|TAMS 0x00000000ae800000, 0x00000000ae800000| Complete 
| 165|0x00000000ae900000, 0x00000000aea00000, 0x00000000aea00000|100%| E|CS|TAMS 0x00000000ae900000, 0x00000000ae900000| Complete 
| 166|0x00000000aea00000, 0x00000000aeb00000, 0x00000000aeb00000|100%| E|CS|TAMS 0x00000000aea00000, 0x00000000aea00000| Complete 
| 167|0x00000000aeb00000, 0x00000000aec00000, 0x00000000aec00000|100%| E|CS|TAMS 0x00000000aeb00000, 0x00000000aeb00000| Complete 
| 168|0x00000000aec00000, 0x00000000aed00000, 0x00000000aed00000|100%| E|CS|TAMS 0x00000000aec00000, 0x00000000aec00000| Complete 
| 169|0x00000000aed00000, 0x00000000aee00000, 0x00000000aee00000|100%| E|CS|TAMS 0x00000000aed00000, 0x00000000aed00000| Complete 
| 170|0x00000000aee00000, 0x00000000aef00000, 0x00000000aef00000|100%| E|CS|TAMS 0x00000000aee00000, 0x00000000aee00000| Complete 
| 171|0x00000000aef00000, 0x00000000af000000, 0x00000000af000000|100%| E|CS|TAMS 0x00000000aef00000, 0x00000000aef00000| Complete 
| 172|0x00000000af000000, 0x00000000af100000, 0x00000000af100000|100%| E|CS|TAMS 0x00000000af000000, 0x00000000af000000| Complete 
| 173|0x00000000af100000, 0x00000000af200000, 0x00000000af200000|100%| E|CS|TAMS 0x00000000af100000, 0x00000000af100000| Complete 
| 174|0x00000000af200000, 0x00000000af300000, 0x00000000af300000|100%| E|CS|TAMS 0x00000000af200000, 0x00000000af200000| Complete 
| 175|0x00000000af300000, 0x00000000af400000, 0x00000000af400000|100%| E|CS|TAMS 0x00000000af300000, 0x00000000af300000| Complete 
| 176|0x00000000af400000, 0x00000000af500000, 0x00000000af500000|100%| E|CS|TAMS 0x00000000af400000, 0x00000000af400000| Complete 
| 177|0x00000000af500000, 0x00000000af600000, 0x00000000af600000|100%| E|CS|TAMS 0x00000000af500000, 0x00000000af500000| Complete 
| 178|0x00000000af600000, 0x00000000af700000, 0x00000000af700000|100%| E|CS|TAMS 0x00000000af600000, 0x00000000af600000| Complete 
| 179|0x00000000af700000, 0x00000000af800000, 0x00000000af800000|100%| E|CS|TAMS 0x00000000af700000, 0x00000000af700000| Complete 
| 180|0x00000000af800000, 0x00000000af900000, 0x00000000af900000|100%| E|CS|TAMS 0x00000000af800000, 0x00000000af800000| Complete 
| 181|0x00000000af900000, 0x00000000afa00000, 0x00000000afa00000|100%| E|CS|TAMS 0x00000000af900000, 0x00000000af900000| Complete 
| 182|0x00000000afa00000, 0x00000000afb00000, 0x00000000afb00000|100%| E|CS|TAMS 0x00000000afa00000, 0x00000000afa00000| Complete 
| 183|0x00000000afb00000, 0x00000000afc00000, 0x00000000afc00000|100%| E|CS|TAMS 0x00000000afb00000, 0x00000000afb00000| Complete 
| 184|0x00000000afc00000, 0x00000000afd00000, 0x00000000afd00000|100%| E|CS|TAMS 0x00000000afc00000, 0x00000000afc00000| Complete 
| 185|0x00000000afd00000, 0x00000000afe00000, 0x00000000afe00000|100%| E|CS|TAMS 0x00000000afd00000, 0x00000000afd00000| Complete 
| 186|0x00000000afe00000, 0x00000000aff00000, 0x00000000aff00000|100%| E|CS|TAMS 0x00000000afe00000, 0x00000000afe00000| Complete 
| 187|0x00000000aff00000, 0x00000000b0000000, 0x00000000b0000000|100%| E|CS|TAMS 0x00000000aff00000, 0x00000000aff00000| Complete 
| 188|0x00000000b0000000, 0x00000000b0100000, 0x00000000b0100000|100%| E|CS|TAMS 0x00000000b0000000, 0x00000000b0000000| Complete 
| 189|0x00000000b0100000, 0x00000000b0200000, 0x00000000b0200000|100%| E|CS|TAMS 0x00000000b0100000, 0x00000000b0100000| Complete 
|1466|0x00000000ffe00000, 0x00000000ffe47000, 0x00000000fff00000| 27%|OA|  |TAMS 0x00000000ffe47000, 0x00000000ffe00000| Untracked 
|1467|0x00000000fff00000, 0x00000000fff6a000, 0x0000000100000000| 41%|CA|  |TAMS 0x00000000fff6a000, 0x00000000fff00000| Untracked 

Card table byte_map: [0x00007f84c1478000,0x00007f84c1756000] _byte_map_base: 0x00007f84c0f56000

Marking Bits (Prev, Next): (CMBitMap*) 0x00007f84bc04d800, (CMBitMap*) 0x00007f84bc04d7c8
 Prev Bits: [0x00007f849d220000, 0x00007f849e910000)
 Next Bits: [0x00007f849e910000, 0x00007f84a0000000)

Polling page: 0x00007f84c5e6e000

Metaspace:

Usage:
  Non-class:     21.93 MB capacity,    21.66 MB ( 99%) used,   240.38 KB (  1%) free+waste,    33.38 KB ( <1%) overhead. 
      Class:      2.69 MB capacity,     2.57 MB ( 95%) used,   116.12 KB (  4%) free+waste,    13.38 KB ( <1%) overhead. 
       Both:     24.62 MB capacity,    24.23 MB ( 98%) used,   356.49 KB (  1%) free+waste,    46.75 KB ( <1%) overhead. 

Virtual space:
  Non-class space:       24.00 MB reserved,      22.25 MB ( 93%) committed 
      Class space:        1.00 GB reserved,       2.75 MB ( <1%) committed 
             Both:        1.02 GB reserved,      25.00 MB (  2%) committed 

Chunk freelists:
   Non-Class:  232.00 KB
       Class:  0 bytes
        Both:  232.00 KB

MaxMetaspaceSize: unlimited
CompressedClassSpaceSize: 1.00 GB

CodeHeap 'non-profiled nmethods': size=120036Kb used=4103Kb max_used=4103Kb free=115932Kb
 bounds [0x00007f84ac3d4000, 0x00007f84ac7e4000, 0x00007f84b390d000]
CodeHeap 'profiled nmethods': size=120032Kb used=17026Kb max_used=17026Kb free=103005Kb
 bounds [0x00007f84a4e9c000, 0x00007f84a5f4c000, 0x00007f84ac3d4000]
CodeHeap 'non-nmethods': size=5692Kb used=1133Kb max_used=1176Kb free=4558Kb
 bounds [0x00007f84a490d000, 0x00007f84a4b7d000, 0x00007f84a4e9c000]
 total_blobs=9252 nmethods=6832 adapters=382
 compilation: enabled
              stopped_count=0, restarted_count=0
 full_count=0

Compilation events (20 events):
Event: 97.986 Thread 0x00007f84bc0f5800 6891       4       java.text.DigitList::shouldRoundUp (417 bytes)
Event: 97.991 Thread 0x00007f84bc0f5800 nmethod 6891 0x00007f84ac7c9210 code [0x00007f84ac7c93c0, 0x00007f84ac7c9658]
Event: 97.991 Thread 0x00007f84bc0f5800 6887       4       org.apache.maven.cli.transfer.AbstractMavenTransferListener$FileSizeFormat::format (177 bytes)
Event: 98.210 Thread 0x00007f84bc0f8000 6892       3       java.math.BigInteger::leftShift (109 bytes)
Event: 98.229 Thread 0x00007f84bc0f8000 nmethod 6892 0x00007f84a5f26a10 code [0x00007f84a5f26c40, 0x00007f84a5f27278]
Event: 98.229 Thread 0x00007f84bc0f8000 6895       3       java.security.Signature::update (9 bytes)
Event: 98.231 Thread 0x00007f84bc0f8000 nmethod 6895 0x00007f84a5f27510 code [0x00007f84a5f276c0, 0x00007f84a5f27888]
Event: 98.231 Thread 0x00007f84bc0f8000 6896       3       sun.security.rsa.RSAPSSSignature::engineUpdate (20 bytes)
Event: 98.231 Thread 0x00007f84bc0f8000 nmethod 6896 0x00007f84a5f27990 code [0x00007f84a5f27b60, 0x00007f84a5f27e18]
Event: 98.231 Thread 0x00007f84bc0f8000 6893       3       sun.security.x509.X509CertImpl::getPolicyConstraintsExtension (11 bytes)
Event: 98.231 Thread 0x00007f84bc0f8000 nmethod 6893 0x00007f84a5f27f10 code [0x00007f84a5f280e0, 0x00007f84a5f283e8]
Event: 98.231 Thread 0x00007f84bc0f8000 6894       3       sun.security.provider.certpath.PolicyNodeImpl::copyTree (6 bytes)
Event: 98.233 Thread 0x00007f84bc0f8000 nmethod 6894 0x00007f84a4eaf190 code [0x00007f84a4eaf340, 0x00007f84a4eaf4e8]
Event: 98.853 Thread 0x00007f84bc0f8000 6898       3       org.apache.maven.wagon.providers.http.httpclient.message.AbstractHttpMessage::headerIterator (8 bytes)
Event: 98.853 Thread 0x00007f84bc0f8000 nmethod 6898 0x00007f84a5f28510 code [0x00007f84a5f286e0, 0x00007f84a5f28988]
Event: 98.855 Thread 0x00007f84bc0f8000 6899       3       org.apache.maven.wagon.providers.http.httpclient.message.HeaderGroup::iterator (13 bytes)
Event: 98.856 Thread 0x00007f84bc0f8000 nmethod 6899 0x00007f84a5f28a90 code [0x00007f84a5f28c60, 0x00007f84a5f28e88]
Event: 98.857 Thread 0x00007f84bc0f8000 6904  s    3       sun.security.ssl.SSLSocketOutputRecord::deliver (370 bytes)
Event: 98.861 Thread 0x00007f84bc0f8000 nmethod 6904 0x00007f84a5f28f90 code [0x00007f84a5f29280, 0x00007f84a5f2a5c8]
Event: 98.861 Thread 0x00007f84bc0f8000 6900       3       org.apache.maven.wagon.providers.http.httpclient.impl.conn.LoggingManagedHttpClientConnection::onRequestSubmitted (134 bytes)

GC Heap History (20 events):
Event: 1.863 GC heap before
{Heap before GC invocations=3 (full 0):
 garbage-first heap   total 96256K, used 32378K [0x00000000a4400000, 0x0000000100000000)
  region size 1024K, 29 young (29696K), 1 survivors (1024K)
 Metaspace       used 10138K, capacity 12314K, committed 12672K, reserved 1060864K
  class space    used 1263K, capacity 1548K, committed 1664K, reserved 1048576K
}
Event: 1.869 GC heap after
{Heap after GC invocations=4 (full 0):
 garbage-first heap   total 96256K, used 5223K [0x00000000a4400000, 0x0000000100000000)
  region size 1024K, 3 young (3072K), 3 survivors (3072K)
 Metaspace       used 10138K, capacity 12314K, committed 12672K, reserved 1060864K
  class space    used 1263K, capacity 1548K, committed 1664K, reserved 1048576K
}
Event: 3.721 GC heap before
{Heap before GC invocations=4 (full 0):
 garbage-first heap   total 96256K, used 42087K [0x00000000a4400000, 0x0000000100000000)
  region size 1024K, 39 young (39936K), 3 survivors (3072K)
 Metaspace       used 16069K, capacity 16420K, committed 16640K, reserved 1064960K
  class space    used 1911K, capacity 2040K, committed 2048K, reserved 1048576K
}
Event: 3.774 GC heap after
{Heap after GC invocations=5 (full 0):
 garbage-first heap   total 118784K, used 8107K [0x00000000a4400000, 0x0000000100000000)
  region size 1024K, 5 young (5120K), 5 survivors (5120K)
 Metaspace       used 16069K, capacity 16420K, committed 16640K, reserved 1064960K
  class space    used 1911K, capacity 2040K, committed 2048K, reserved 1048576K
}
Event: 5.138 GC heap before
{Heap before GC invocations=5 (full 0):
 garbage-first heap   total 118784K, used 18347K [0x00000000a4400000, 0x0000000100000000)
  region size 1024K, 16 young (16384K), 5 survivors (5120K)
 Metaspace       used 20468K, capacity 20863K, committed 21248K, reserved 1069056K
  class space    used 2455K, capacity 2559K, committed 2560K, reserved 1048576K
}
Event: 5.223 GC heap after
{Heap after GC invocations=6 (full 0):
 garbage-first heap   total 118784K, used 9725K [0x00000000a4400000, 0x0000000100000000)
  region size 1024K, 6 young (6144K), 6 survivors (6144K)
 Metaspace       used 20468K, capacity 20863K, committed 21248K, reserved 1069056K
  class space    used 2455K, capacity 2559K, committed 2560K, reserved 1048576K
}
Event: 14.652 GC heap before
{Heap before GC invocations=7 (full 0):
 garbage-first heap   total 118784K, used 40445K [0x00000000a4400000, 0x0000000100000000)
  region size 1024K, 36 young (36864K), 6 survivors (6144K)
 Metaspace       used 21882K, capacity 22304K, committed 22656K, reserved 1069056K
  class space    used 2548K, capacity 2674K, committed 2688K, reserved 1048576K
}
Event: 14.696 GC heap after
{Heap after GC invocations=8 (full 0):
 garbage-first heap   total 118784K, used 12611K [0x00000000a4400000, 0x0000000100000000)
  region size 1024K, 5 young (5120K), 5 survivors (5120K)
 Metaspace       used 21882K, capacity 22304K, committed 22656K, reserved 1069056K
  class space    used 2548K, capacity 2674K, committed 2688K, reserved 1048576K
}
Event: 23.378 GC heap before
{Heap before GC invocations=8 (full 0):
 garbage-first heap   total 118784K, used 51523K [0x00000000a4400000, 0x0000000100000000)
  region size 1024K, 43 young (44032K), 5 survivors (5120K)
 Metaspace       used 22267K, capacity 22671K, committed 22912K, reserved 1069056K
  class space    used 2555K, capacity 2682K, committed 2688K, reserved 1048576K
}
Event: 23.395 GC heap after
{Heap after GC invocations=9 (full 0):
 garbage-first heap   total 118784K, used 13919K [0x00000000a4400000, 0x0000000100000000)
  region size 1024K, 4 young (4096K), 4 survivors (4096K)
 Metaspace       used 22267K, capacity 22671K, committed 22912K, reserved 1069056K
  class space    used 2555K, capacity 2682K, committed 2688K, reserved 1048576K
}
Event: 32.332 GC heap before
{Heap before GC invocations=9 (full 0):
 garbage-first heap   total 118784K, used 80479K [0x00000000a4400000, 0x0000000100000000)
  region size 1024K, 69 young (70656K), 4 survivors (4096K)
 Metaspace       used 23193K, capacity 23634K, committed 24064K, reserved 1071104K
  class space    used 2605K, capacity 2748K, committed 2816K, reserved 1048576K
}
Event: 32.414 GC heap after
{Heap after GC invocations=10 (full 0):
 garbage-first heap   total 118784K, used 20676K [0x00000000a4400000, 0x0000000100000000)
  region size 1024K, 9 young (9216K), 9 survivors (9216K)
 Metaspace       used 23193K, capacity 23634K, committed 24064K, reserved 1071104K
  class space    used 2605K, capacity 2748K, committed 2816K, reserved 1048576K
}
Event: 43.098 GC heap before
{Heap before GC invocations=10 (full 0):
 garbage-first heap   total 118784K, used 72900K [0x00000000a4400000, 0x0000000100000000)
  region size 1024K, 60 young (61440K), 9 survivors (9216K)
 Metaspace       used 23477K, capacity 23914K, committed 24320K, reserved 1071104K
  class space    used 2608K, capacity 2755K, committed 2816K, reserved 1048576K
}
Event: 43.127 GC heap after
{Heap after GC invocations=11 (full 0):
 garbage-first heap   total 196608K, used 23838K [0x00000000a4400000, 0x0000000100000000)
  region size 1024K, 3 young (3072K), 3 survivors (3072K)
 Metaspace       used 23477K, capacity 23914K, committed 24320K, reserved 1071104K
  class space    used 2608K, capacity 2755K, committed 2816K, reserved 1048576K
}
Event: 60.215 GC heap before
{Heap before GC invocations=11 (full 0):
 garbage-first heap   total 196608K, used 93470K [0x00000000a4400000, 0x0000000100000000)
  region size 1024K, 71 young (72704K), 3 survivors (3072K)
 Metaspace       used 23942K, capacity 24378K, committed 24832K, reserved 1071104K
  class space    used 2613K, capacity 2759K, committed 2816K, reserved 1048576K
}
Event: 60.264 GC heap after
{Heap after GC invocations=12 (full 0):
 garbage-first heap   total 196608K, used 26688K [0x00000000a4400000, 0x0000000100000000)
  region size 1024K, 6 young (6144K), 6 survivors (6144K)
 Metaspace       used 23942K, capacity 24378K, committed 24832K, reserved 1071104K
  class space    used 2613K, capacity 2759K, committed 2816K, reserved 1048576K
}
Event: 79.855 GC heap before
{Heap before GC invocations=12 (full 0):
 garbage-first heap   total 196608K, used 101440K [0x00000000a4400000, 0x0000000100000000)
  region size 1024K, 79 young (80896K), 6 survivors (6144K)
 Metaspace       used 24197K, capacity 24634K, committed 25088K, reserved 1071104K
  class space    used 2614K, capacity 2759K, committed 2816K, reserved 1048576K
}
Event: 79.878 GC heap after
{Heap after GC invocations=13 (full 0):
 garbage-first heap   total 196608K, used 28689K [0x00000000a4400000, 0x0000000100000000)
  region size 1024K, 6 young (6144K), 6 survivors (6144K)
 Metaspace       used 24197K, capacity 24634K, committed 25088K, reserved 1071104K
  class space    used 2614K, capacity 2759K, committed 2816K, reserved 1048576K
}
Event: 97.241 GC heap before
{Heap before GC invocations=13 (full 0):
 garbage-first heap   total 196608K, used 140305K [0x00000000a4400000, 0x0000000100000000)
  region size 1024K, 115 young (117760K), 6 survivors (6144K)
 Metaspace       used 24789K, capacity 25211K, committed 25600K, reserved 1073152K
  class space    used 2629K, capacity 2759K, committed 2816K, reserved 1048576K
}
Event: 97.270 GC heap after
{Heap after GC invocations=14 (full 0):
 garbage-first heap   total 196608K, used 30037K [0x00000000a4400000, 0x0000000100000000)
  region size 1024K, 7 young (7168K), 7 survivors (7168K)
 Metaspace       used 24789K, capacity 25211K, committed 25600K, reserved 1073152K
  class space    used 2629K, capacity 2759K, committed 2816K, reserved 1048576K
}

Deoptimization events (20 events):
Event: 95.156 Thread 0x00007f84bc9ce800 DEOPT PACKING pc=0x00007f84ac79eed8 sp=0x00007f8494ad1b90
Event: 95.156 Thread 0x00007f84bc9ce800 DEOPT UNPACKING pc=0x00007f84a4934c1f sp=0x00007f8494ad1b20 mode 2
Event: 95.156 Thread 0x00007f84bc9ce800 Uncommon trap: trap_request=0xffffffbe fr.pc=0x00007f84ac79eed8 relative=0x00000000000000b8
Event: 95.156 Thread 0x00007f84bc9ce800 Uncommon trap: reason=profile_predicate action=maybe_recompile pc=0x00007f84ac79eed8 method=java.math.BigInteger.longValue()J @ 5 c2
Event: 95.156 Thread 0x00007f84bc9ce800 DEOPT PACKING pc=0x00007f84ac79eed8 sp=0x00007f8494ad1b90
Event: 95.156 Thread 0x00007f84bc9ce800 DEOPT UNPACKING pc=0x00007f84a4934c1f sp=0x00007f8494ad1b20 mode 2
Event: 95.156 Thread 0x00007f84bc9ce800 Uncommon trap: trap_request=0xffffffbe fr.pc=0x00007f84ac79eed8 relative=0x00000000000000b8
Event: 95.156 Thread 0x00007f84bc9ce800 Uncommon trap: reason=profile_predicate action=maybe_recompile pc=0x00007f84ac79eed8 method=java.math.BigInteger.longValue()J @ 5 c2
Event: 95.156 Thread 0x00007f84bc9ce800 DEOPT PACKING pc=0x00007f84ac79eed8 sp=0x00007f8494ad1b90
Event: 95.156 Thread 0x00007f84bc9ce800 DEOPT UNPACKING pc=0x00007f84a4934c1f sp=0x00007f8494ad1b20 mode 2
Event: 96.654 Thread 0x00007f84bc9ca000 Uncommon trap: trap_request=0xffffff4d fr.pc=0x00007f84ac7ab5c4 relative=0x0000000000000b04
Event: 96.654 Thread 0x00007f84bc9ca000 Uncommon trap: reason=unstable_if action=reinterpret pc=0x00007f84ac7ab5c4 method=jdk.internal.math.FloatingDecimal$BinaryToASCIIBuffer.estimateDecExp(JI)I @ 117 c2
Event: 96.654 Thread 0x00007f84bc9ca000 DEOPT PACKING pc=0x00007f84ac7ab5c4 sp=0x00007f8494dd53f0
Event: 96.654 Thread 0x00007f84bc9ca000 DEOPT UNPACKING pc=0x00007f84a4934c1f sp=0x00007f8494dd5210 mode 2
Event: 96.654 Thread 0x00007f84bc9ca000 Uncommon trap: trap_request=0xffffff4d fr.pc=0x00007f84ac7a9dd4 relative=0x0000000000000754
Event: 96.654 Thread 0x00007f84bc9ca000 Uncommon trap: reason=unstable_if action=reinterpret pc=0x00007f84ac7a9dd4 method=java.text.DigitList.set(ZLjava/lang/String;ZZIZ)V @ 97 c2
Event: 96.654 Thread 0x00007f84bc9ca000 DEOPT PACKING pc=0x00007f84ac7a9dd4 sp=0x00007f8494dd5490
Event: 96.654 Thread 0x00007f84bc9ca000 DEOPT UNPACKING pc=0x00007f84a4934c1f sp=0x00007f8494dd5408 mode 2
Event: 97.339 Thread 0x00007f84bc9cb000 DEOPT PACKING pc=0x00007f84a57631d9 sp=0x00007f8494cd3200
Event: 97.339 Thread 0x00007f84bc9cb000 DEOPT UNPACKING pc=0x00007f84a4934a2b sp=0x00007f8494cd26a8 mode 0

Classes redefined (0 events):
No events

Internal exceptions (20 events):
Event: 94.468 Thread 0x00007f84bc016000 Exception <a 'java/lang/NullPointerException'{0x00000000acfd9d28}> (0x00000000acfd9d28) thrown at [./src/hotspot/share/runtime/sharedRuntime.cpp, line 584]
Event: 94.779 Thread 0x00007f84bc016000 Implicit null exception at 0x00007f84a573371f to 0x00007f84a5738a22
Event: 94.779 Thread 0x00007f84bc016000 Exception <a 'java/lang/NullPointerException'{0x00000000accee9e8}> (0x00000000accee9e8) thrown at [./src/hotspot/share/runtime/sharedRuntime.cpp, line 584]
Event: 94.779 Thread 0x00007f84bc016000 Implicit null exception at 0x00007f84a573371f to 0x00007f84a5738a22
Event: 94.779 Thread 0x00007f84bc016000 Exception <a 'java/lang/NullPointerException'{0x00000000acceef70}> (0x00000000acceef70) thrown at [./src/hotspot/share/runtime/sharedRuntime.cpp, line 584]
Event: 94.779 Thread 0x00007f84bc016000 Implicit null exception at 0x00007f84a573371f to 0x00007f84a5738a22
Event: 94.779 Thread 0x00007f84bc016000 Exception <a 'java/lang/NullPointerException'{0x00000000accef4f8}> (0x00000000accef4f8) thrown at [./src/hotspot/share/runtime/sharedRuntime.cpp, line 584]
Event: 94.779 Thread 0x00007f84bc016000 Implicit null exception at 0x00007f84a573371f to 0x00007f84a5738a22
Event: 94.779 Thread 0x00007f84bc016000 Exception <a 'java/lang/NullPointerException'{0x00000000accf0208}> (0x00000000accf0208) thrown at [./src/hotspot/share/runtime/sharedRuntime.cpp, line 584]
Event: 94.779 Thread 0x00007f84bc016000 Implicit null exception at 0x00007f84a573371f to 0x00007f84a5738a22
Event: 94.779 Thread 0x00007f84bc016000 Exception <a 'java/lang/NullPointerException'{0x00000000accf0790}> (0x00000000accf0790) thrown at [./src/hotspot/share/runtime/sharedRuntime.cpp, line 584]
Event: 94.779 Thread 0x00007f84bc016000 Implicit null exception at 0x00007f84a573371f to 0x00007f84a5738a22
Event: 94.779 Thread 0x00007f84bc016000 Exception <a 'java/lang/NullPointerException'{0x00000000accf0d18}> (0x00000000accf0d18) thrown at [./src/hotspot/share/runtime/sharedRuntime.cpp, line 584]
Event: 94.779 Thread 0x00007f84bc016000 Implicit null exception at 0x00007f84a573371f to 0x00007f84a5738a22
Event: 94.779 Thread 0x00007f84bc016000 Exception <a 'java/lang/NullPointerException'{0x00000000accf29b0}> (0x00000000accf29b0) thrown at [./src/hotspot/share/runtime/sharedRuntime.cpp, line 584]
Event: 94.779 Thread 0x00007f84bc016000 Implicit null exception at 0x00007f84a573371f to 0x00007f84a5738a22
Event: 94.779 Thread 0x00007f84bc016000 Exception <a 'java/lang/NullPointerException'{0x00000000accf2f38}> (0x00000000accf2f38) thrown at [./src/hotspot/share/runtime/sharedRuntime.cpp, line 584]
Event: 94.779 Thread 0x00007f84bc016000 Implicit null exception at 0x00007f84a573371f to 0x00007f84a5738a22
Event: 94.779 Thread 0x00007f84bc016000 Exception <a 'java/lang/NullPointerException'{0x00000000accf34c0}> (0x00000000accf34c0) thrown at [./src/hotspot/share/runtime/sharedRuntime.cpp, line 584]
Event: 94.802 Thread 0x00007f84bc9ca000 Implicit null exception at 0x00007f84ac70b0f5 to 0x00007f84ac70d5d6

Events (20 events):
Event: 97.275 Executing VM operation: RevokeBias
Event: 97.276 Executing VM operation: RevokeBias done
Event: 97.276 Executing VM operation: RevokeBias
Event: 97.278 Executing VM operation: RevokeBias done
Event: 98.290 Executing VM operation: RevokeBias
Event: 98.299 Executing VM operation: RevokeBias done
Event: 98.299 Executing VM operation: RevokeBias
Event: 98.304 Executing VM operation: RevokeBias done
Event: 98.304 Executing VM operation: RevokeBias
Event: 98.304 Executing VM operation: RevokeBias done
Event: 98.305 Executing VM operation: RevokeBias
Event: 98.306 Executing VM operation: RevokeBias done
Event: 98.307 Executing VM operation: RevokeBias
Event: 98.308 Executing VM operation: RevokeBias done
Event: 98.310 Executing VM operation: RevokeBias
Event: 98.311 Executing VM operation: RevokeBias done
Event: 98.311 Executing VM operation: RevokeBias
Event: 98.313 Executing VM operation: RevokeBias done
Event: 98.342 Executing VM operation: RevokeBias
Event: 98.342 Executing VM operation: RevokeBias done


Dynamic libraries:
a4400000-b0200000 rw-p 00000000 00:00 0 
b0200000-ffe00000 ---p 00000000 00:00 0 
ffe00000-ffe47000 rw-p 0110b000 08:01 259344                             /usr/lib/jvm/java-11-openjdk-amd64/lib/server/classes.jsa
ffe47000-fff00000 rw-p 00000000 00:00 0 
fff00000-fff6a000 rw-p 010a1000 08:01 259344                             /usr/lib/jvm/java-11-openjdk-amd64/lib/server/classes.jsa
fff6a000-100000000 rw-p 00000000 00:00 0 
800000000-800002000 rwxp 00001000 08:01 259344                           /usr/lib/jvm/java-11-openjdk-amd64/lib/server/classes.jsa
800002000-8003b8000 rw-p 00003000 08:01 259344                           /usr/lib/jvm/java-11-openjdk-amd64/lib/server/classes.jsa
8003b8000-800a93000 r--p 003b9000 08:01 259344                           /usr/lib/jvm/java-11-openjdk-amd64/lib/server/classes.jsa
800a93000-800a94000 rw-p 00a94000 08:01 259344                           /usr/lib/jvm/java-11-openjdk-amd64/lib/server/classes.jsa
800a94000-8010a0000 r--p 00a95000 08:01 259344                           /usr/lib/jvm/java-11-openjdk-amd64/lib/server/classes.jsa
840000000-8402c0000 rw-p 00000000 00:00 0 
8402c0000-880000000 ---p 00000000 00:00 0 
55f6798a5000-55f6798a6000 r-xp 00000000 08:01 259834                     /usr/lib/jvm/java-11-openjdk-amd64/bin/java
55f679aa6000-55f679aa7000 r--p 00001000 08:01 259834                     /usr/lib/jvm/java-11-openjdk-amd64/bin/java
55f679aa7000-55f679aa8000 rw-p 00002000 08:01 259834                     /usr/lib/jvm/java-11-openjdk-amd64/bin/java
55f67a952000-55f67a973000 rw-p 00000000 00:00 0                          [heap]
7f8444000000-7f8444021000 rw-p 00000000 00:00 0 
7f8444021000-7f8448000000 ---p 00000000 00:00 0 
7f8448000000-7f8448021000 rw-p 00000000 00:00 0 
7f8448021000-7f844c000000 ---p 00000000 00:00 0 
7f844c000000-7f844c021000 rw-p 00000000 00:00 0 
7f844c021000-7f8450000000 ---p 00000000 00:00 0 
7f8450000000-7f8450021000 rw-p 00000000 00:00 0 
7f8450021000-7f8454000000 ---p 00000000 00:00 0 
7f8454000000-7f8454021000 rw-p 00000000 00:00 0 
7f8454021000-7f8458000000 ---p 00000000 00:00 0 
7f8458000000-7f8458021000 rw-p 00000000 00:00 0 
7f8458021000-7f845c000000 ---p 00000000 00:00 0 
7f845c000000-7f845c021000 rw-p 00000000 00:00 0 
7f845c021000-7f8460000000 ---p 00000000 00:00 0 
7f8460000000-7f8460021000 rw-p 00000000 00:00 0 
7f8460021000-7f8464000000 ---p 00000000 00:00 0 
7f8464000000-7f8464021000 rw-p 00000000 00:00 0 
7f8464021000-7f8468000000 ---p 00000000 00:00 0 
7f8468000000-7f8468021000 rw-p 00000000 00:00 0 
7f8468021000-7f846c000000 ---p 00000000 00:00 0 
7f846c000000-7f846c59a000 rw-p 00000000 00:00 0 
7f846c59a000-7f8470000000 ---p 00000000 00:00 0 
7f8470000000-7f8470021000 rw-p 00000000 00:00 0 
7f8470021000-7f8474000000 ---p 00000000 00:00 0 
7f8474000000-7f8474021000 rw-p 00000000 00:00 0 
7f8474021000-7f8478000000 ---p 00000000 00:00 0 
7f8478000000-7f847a896000 rw-p 00000000 00:00 0 
7f847a896000-7f847c000000 ---p 00000000 00:00 0 
7f847c000000-7f847c021000 rw-p 00000000 00:00 0 
7f847c021000-7f8480000000 ---p 00000000 00:00 0 
7f8480000000-7f8480021000 rw-p 00000000 00:00 0 
7f8480021000-7f8484000000 ---p 00000000 00:00 0 
7f8484000000-7f8484021000 rw-p 00000000 00:00 0 
7f8484021000-7f8488000000 ---p 00000000 00:00 0 
7f8488000000-7f84881f3000 rw-p 00000000 00:00 0 
7f84881f3000-7f848c000000 ---p 00000000 00:00 0 
7f848c000000-7f848c021000 rw-p 00000000 00:00 0 
7f848c021000-7f8490000000 ---p 00000000 00:00 0 
7f8490000000-7f8490021000 rw-p 00000000 00:00 0 
7f8490021000-7f8494000000 ---p 00000000 00:00 0 
7f84949d4000-7f84949d8000 ---p 00000000 00:00 0 
7f84949d8000-7f8494ad5000 rw-p 00000000 00:00 0 
7f8494ad5000-7f8494ad9000 ---p 00000000 00:00 0 
7f8494ad9000-7f8494bd6000 rw-p 00000000 00:00 0 
7f8494bd6000-7f8494bda000 ---p 00000000 00:00 0 
7f8494bda000-7f8494cd7000 rw-p 00000000 00:00 0 
7f8494cd7000-7f8494cdb000 ---p 00000000 00:00 0 
7f8494cdb000-7f8494dd8000 rw-p 00000000 00:00 0 
7f8494dd8000-7f8494ddc000 ---p 00000000 00:00 0 
7f8494ddc000-7f8494f19000 rw-p 00000000 00:00 0 
7f8494f19000-7f84950d9000 ---p 00000000 00:00 0 
7f84950d9000-7f84950da000 ---p 00000000 00:00 0 
7f84950da000-7f84953db000 rw-p 00000000 00:00 0 
7f84953db000-7f84955db000 rw-p 00000000 00:00 0 
7f84955db000-7f84957db000 rw-p 00000000 00:00 0 
7f84957db000-7f84957dd000 r-xp 00000000 08:01 259968                     /usr/lib/jvm/java-11-openjdk-amd64/lib/libextnet.so
7f84957dd000-7f84959dc000 ---p 00002000 08:01 259968                     /usr/lib/jvm/java-11-openjdk-amd64/lib/libextnet.so
7f84959dc000-7f84959dd000 r--p 00001000 08:01 259968                     /usr/lib/jvm/java-11-openjdk-amd64/lib/libextnet.so
7f84959dd000-7f84959de000 rw-p 00002000 08:01 259968                     /usr/lib/jvm/java-11-openjdk-amd64/lib/libextnet.so
7f84959de000-7f84959f5000 r-xp 00000000 08:01 2181                       /lib/x86_64-linux-gnu/libresolv-2.27.so
7f84959f5000-7f8495bf5000 ---p 00017000 08:01 2181                       /lib/x86_64-linux-gnu/libresolv-2.27.so
7f8495bf5000-7f8495bf6000 r--p 00017000 08:01 2181                       /lib/x86_64-linux-gnu/libresolv-2.27.so
7f8495bf6000-7f8495bf7000 rw-p 00018000 08:01 2181                       /lib/x86_64-linux-gnu/libresolv-2.27.so
7f8495bf7000-7f8495bf9000 rw-p 00000000 00:00 0 
7f8495bf9000-7f8495bfe000 r-xp 00000000 08:01 2094                       /lib/x86_64-linux-gnu/libnss_dns-2.27.so
7f8495bfe000-7f8495dfe000 ---p 00005000 08:01 2094                       /lib/x86_64-linux-gnu/libnss_dns-2.27.so
7f8495dfe000-7f8495dff000 r--p 00005000 08:01 2094                       /lib/x86_64-linux-gnu/libnss_dns-2.27.so
7f8495dff000-7f8495e00000 rw-p 00006000 08:01 2094                       /lib/x86_64-linux-gnu/libnss_dns-2.27.so
7f8495e00000-7f8498000000 rw-p 00000000 00:00 0 
7f8498000000-7f8498021000 rw-p 00000000 00:00 0 
7f8498021000-7f849c000000 ---p 00000000 00:00 0 
7f849c0c2000-7f849c0ec000 r-xp 00000000 08:01 259993                     /usr/lib/jvm/java-11-openjdk-amd64/lib/libsunec.so
7f849c0ec000-7f849c2eb000 ---p 0002a000 08:01 259993                     /usr/lib/jvm/java-11-openjdk-amd64/lib/libsunec.so
7f849c2eb000-7f849c2ef000 r--p 00029000 08:01 259993                     /usr/lib/jvm/java-11-openjdk-amd64/lib/libsunec.so
7f849c2ef000-7f849c2f1000 rw-p 0002d000 08:01 259993                     /usr/lib/jvm/java-11-openjdk-amd64/lib/libsunec.so
7f849c2f1000-7f849c4f1000 rw-p 00000000 00:00 0 
7f849c4f1000-7f849c6f1000 rw-p 00000000 00:00 0 
7f849c6f1000-7f849c8f1000 rw-p 00000000 00:00 0 
7f849c8f1000-7f849c8f2000 ---p 00000000 00:00 0 
7f849c8f2000-7f849c9f3000 rw-p 00000000 00:00 0 
7f849c9f3000-7f849ca09000 r-xp 00000000 08:01 259987                     /usr/lib/jvm/java-11-openjdk-amd64/lib/libnet.so
7f849ca09000-7f849cc08000 ---p 00016000 08:01 259987                     /usr/lib/jvm/java-11-openjdk-amd64/lib/libnet.so
7f849cc08000-7f849cc09000 r--p 00015000 08:01 259987                     /usr/lib/jvm/java-11-openjdk-amd64/lib/libnet.so
7f849cc09000-7f849cc0a000 rw-p 00016000 08:01 259987                     /usr/lib/jvm/java-11-openjdk-amd64/lib/libnet.so
7f849cc0a000-7f849cc1a000 r-xp 00000000 08:01 259988                     /usr/lib/jvm/java-11-openjdk-amd64/lib/libnio.so
7f849cc1a000-7f849ce19000 ---p 00010000 08:01 259988                     /usr/lib/jvm/java-11-openjdk-amd64/lib/libnio.so
7f849ce19000-7f849ce1a000 r--p 0000f000 08:01 259988                     /usr/lib/jvm/java-11-openjdk-amd64/lib/libnio.so
7f849ce1a000-7f849ce1b000 rw-p 00010000 08:01 259988                     /usr/lib/jvm/java-11-openjdk-amd64/lib/libnio.so
7f849ce1b000-7f849ce1f000 ---p 00000000 00:00 0 
7f849ce1f000-7f849cf1c000 rw-p 00000000 00:00 0 
7f849cf1c000-7f849cf1d000 ---p 00000000 00:00 0 
7f849cf1d000-7f849d01e000 rw-p 00000000 00:00 0 
7f849d01e000-7f849d022000 ---p 00000000 00:00 0 
7f849d022000-7f849d11f000 rw-p 00000000 00:00 0 
7f849d11f000-7f849d123000 ---p 00000000 00:00 0 
7f849d123000-7f849d518000 rw-p 00000000 00:00 0 
7f849d518000-7f849e908000 ---p 00000000 00:00 0 
7f849e908000-7f849ec08000 rw-p 00000000 00:00 0 
7f849ec08000-7f849fff8000 ---p 00000000 00:00 0 
7f849fff8000-7f84a0000000 rw-p 00000000 00:00 0 
7f84a0000000-7f84a0021000 rw-p 00000000 00:00 0 
7f84a0021000-7f84a4000000 ---p 00000000 00:00 0 
7f84a40fa000-7f84a40fe000 ---p 00000000 00:00 0 
7f84a40fe000-7f84a41fb000 rw-p 00000000 00:00 0 
7f84a41fb000-7f84a41ff000 ---p 00000000 00:00 0 
7f84a41ff000-7f84a42fc000 rw-p 00000000 00:00 0 
7f84a42fc000-7f84a4300000 ---p 00000000 00:00 0 
7f84a4300000-7f84a43fd000 rw-p 00000000 00:00 0 
7f84a43fd000-7f84a4570000 r--p 00000000 08:01 7804                       /usr/lib/locale/C.UTF-8/LC_COLLATE
7f84a4570000-7f84a470b000 r--p 00000000 08:01 7799                       /usr/lib/locale/locale-archive
7f84a470b000-7f84a470f000 ---p 00000000 00:00 0 
7f84a470f000-7f84a480c000 rw-p 00000000 00:00 0 
7f84a480c000-7f84a4810000 ---p 00000000 00:00 0 
7f84a4810000-7f84a490d000 rw-p 00000000 00:00 0 
7f84a490d000-7f84a4b7d000 rwxp 00000000 00:00 0 
7f84a4b7d000-7f84a4e9c000 ---p 00000000 00:00 0 
7f84a4e9c000-7f84a5f4c000 rwxp 00000000 00:00 0 
7f84a5f4c000-7f84ac3d4000 ---p 00000000 00:00 0 
7f84ac3d4000-7f84ac7e4000 rwxp 00000000 00:00 0 
7f84ac7e4000-7f84b390d000 ---p 00000000 00:00 0 
7f84b390d000-7f84bc000000 r--s 00000000 08:01 259997                     /usr/lib/jvm/java-11-openjdk-amd64/lib/modules
7f84bc000000-7f84bcb80000 rw-p 00000000 00:00 0 
7f84bcb80000-7f84c0000000 ---p 00000000 00:00 0 
7f84c0080000-7f84c00b1000 rw-p 00000000 00:00 0 
7f84c00b1000-7f84c00b2000 ---p 00000000 00:00 0 
7f84c00b2000-7f84c0a8f000 rw-p 00000000 00:00 0 
7f84c0a8f000-7f84c0a90000 ---p 00000000 00:00 0 
7f84c0a90000-7f84c0b91000 rw-p 00000000 00:00 0 
7f84c0b91000-7f84c0b92000 ---p 00000000 00:00 0 
7f84c0b92000-7f84c0f96000 rw-p 00000000 00:00 0 
7f84c0f96000-7f84c0f97000 ---p 00000000 00:00 0 
7f84c0f97000-7f84c1098000 rw-p 00000000 00:00 0 
7f84c1098000-7f84c1099000 ---p 00000000 00:00 0 
7f84c1099000-7f84c11f9000 rw-p 00000000 00:00 0 
7f84c11f9000-7f84c1477000 ---p 00000000 00:00 0 
7f84c1477000-7f84c14d7000 rw-p 00000000 00:00 0 
7f84c14d7000-7f84c1755000 ---p 00000000 00:00 0 
7f84c1755000-7f84c17b5000 rw-p 00000000 00:00 0 
7f84c17b5000-7f84c1a33000 ---p 00000000 00:00 0 
7f84c1a33000-7f84c1d37000 rw-p 00000000 00:00 0 
7f84c1d37000-7f84c1d38000 ---p 00000000 00:00 0 
7f84c1d38000-7f84c1e42000 rw-p 00000000 00:00 0 
7f84c1e42000-7f84c1f24000 ---p 00000000 00:00 0 
7f84c1f24000-7f84c1f46000 rw-p 00000000 00:00 0 
7f84c1f46000-7f84c200f000 ---p 00000000 00:00 0 
7f84c200f000-7f84c2014000 r-xp 00000000 08:01 259979                     /usr/lib/jvm/java-11-openjdk-amd64/lib/libjimage.so
7f84c2014000-7f84c2213000 ---p 00005000 08:01 259979                     /usr/lib/jvm/java-11-openjdk-amd64/lib/libjimage.so
7f84c2213000-7f84c2214000 r--p 00004000 08:01 259979                     /usr/lib/jvm/java-11-openjdk-amd64/lib/libjimage.so
7f84c2214000-7f84c2215000 rw-p 00005000 08:01 259979                     /usr/lib/jvm/java-11-openjdk-amd64/lib/libjimage.so
7f84c2215000-7f84c221c000 r-xp 00000000 08:01 259996                     /usr/lib/jvm/java-11-openjdk-amd64/lib/libzip.so
7f84c221c000-7f84c241b000 ---p 00007000 08:01 259996                     /usr/lib/jvm/java-11-openjdk-amd64/lib/libzip.so
7f84c241b000-7f84c241c000 r--p 00006000 08:01 259996                     /usr/lib/jvm/java-11-openjdk-amd64/lib/libzip.so
7f84c241c000-7f84c241d000 rw-p 00007000 08:01 259996                     /usr/lib/jvm/java-11-openjdk-amd64/lib/libzip.so
7f84c241d000-7f84c2428000 r-xp 00000000 08:01 2095                       /lib/x86_64-linux-gnu/libnss_files-2.27.so
7f84c2428000-7f84c2627000 ---p 0000b000 08:01 2095                       /lib/x86_64-linux-gnu/libnss_files-2.27.so
7f84c2627000-7f84c2628000 r--p 0000a000 08:01 2095                       /lib/x86_64-linux-gnu/libnss_files-2.27.so
7f84c2628000-7f84c2629000 rw-p 0000b000 08:01 2095                       /lib/x86_64-linux-gnu/libnss_files-2.27.so
7f84c2629000-7f84c262f000 rw-p 00000000 00:00 0 
7f84c262f000-7f84c2646000 r-xp 00000000 08:01 2092                       /lib/x86_64-linux-gnu/libnsl-2.27.so
7f84c2646000-7f84c2845000 ---p 00017000 08:01 2092                       /lib/x86_64-linux-gnu/libnsl-2.27.so
7f84c2845000-7f84c2846000 r--p 00016000 08:01 2092                       /lib/x86_64-linux-gnu/libnsl-2.27.so
7f84c2846000-7f84c2847000 rw-p 00017000 08:01 2092                       /lib/x86_64-linux-gnu/libnsl-2.27.so
7f84c2847000-7f84c2849000 rw-p 00000000 00:00 0 
7f84c2849000-7f84c2854000 r-xp 00000000 08:01 2097                       /lib/x86_64-linux-gnu/libnss_nis-2.27.so
7f84c2854000-7f84c2a53000 ---p 0000b000 08:01 2097                       /lib/x86_64-linux-gnu/libnss_nis-2.27.so
7f84c2a53000-7f84c2a54000 r--p 0000a000 08:01 2097                       /lib/x86_64-linux-gnu/libnss_nis-2.27.so
7f84c2a54000-7f84c2a55000 rw-p 0000b000 08:01 2097                       /lib/x86_64-linux-gnu/libnss_nis-2.27.so
7f84c2a55000-7f84c2a5d000 r-xp 00000000 08:01 2093                       /lib/x86_64-linux-gnu/libnss_compat-2.27.so
7f84c2a5d000-7f84c2c5d000 ---p 00008000 08:01 2093                       /lib/x86_64-linux-gnu/libnss_compat-2.27.so
7f84c2c5d000-7f84c2c5e000 r--p 00008000 08:01 2093                       /lib/x86_64-linux-gnu/libnss_compat-2.27.so
7f84c2c5e000-7f84c2c5f000 rw-p 00009000 08:01 2093                       /lib/x86_64-linux-gnu/libnss_compat-2.27.so
7f84c2c5f000-7f84c2c88000 r-xp 00000000 08:01 259975                     /usr/lib/jvm/java-11-openjdk-amd64/lib/libjava.so
7f84c2c88000-7f84c2e87000 ---p 00029000 08:01 259975                     /usr/lib/jvm/java-11-openjdk-amd64/lib/libjava.so
7f84c2e87000-7f84c2e88000 r--p 00028000 08:01 259975                     /usr/lib/jvm/java-11-openjdk-amd64/lib/libjava.so
7f84c2e88000-7f84c2e8a000 rw-p 00029000 08:01 259975                     /usr/lib/jvm/java-11-openjdk-amd64/lib/libjava.so
7f84c2e8a000-7f84c2e97000 r-xp 00000000 08:01 259995                     /usr/lib/jvm/java-11-openjdk-amd64/lib/libverify.so
7f84c2e97000-7f84c3096000 ---p 0000d000 08:01 259995                     /usr/lib/jvm/java-11-openjdk-amd64/lib/libverify.so
7f84c3096000-7f84c3098000 r--p 0000c000 08:01 259995                     /usr/lib/jvm/java-11-openjdk-amd64/lib/libverify.so
7f84c3098000-7f84c3099000 rw-p 0000e000 08:01 259995                     /usr/lib/jvm/java-11-openjdk-amd64/lib/libverify.so
7f84c3099000-7f84c30a0000 r-xp 00000000 08:01 2182                       /lib/x86_64-linux-gnu/librt-2.27.so
7f84c30a0000-7f84c329f000 ---p 00007000 08:01 2182                       /lib/x86_64-linux-gnu/librt-2.27.so
7f84c329f000-7f84c32a0000 r--p 00006000 08:01 2182                       /lib/x86_64-linux-gnu/librt-2.27.so
7f84c32a0000-7f84c32a1000 rw-p 00007000 08:01 2182                       /lib/x86_64-linux-gnu/librt-2.27.so
7f84c32a1000-7f84c32b8000 r-xp 00000000 08:01 2098                       /lib/x86_64-linux-gnu/libgcc_s.so.1
7f84c32b8000-7f84c34b7000 ---p 00017000 08:01 2098                       /lib/x86_64-linux-gnu/libgcc_s.so.1
7f84c34b7000-7f84c34b8000 r--p 00016000 08:01 2098                       /lib/x86_64-linux-gnu/libgcc_s.so.1
7f84c34b8000-7f84c34b9000 rw-p 00017000 08:01 2098                       /lib/x86_64-linux-gnu/libgcc_s.so.1
7f84c34b9000-7f84c3656000 r-xp 00000000 08:01 2089                       /lib/x86_64-linux-gnu/libm-2.27.so
7f84c3656000-7f84c3855000 ---p 0019d000 08:01 2089                       /lib/x86_64-linux-gnu/libm-2.27.so
7f84c3855000-7f84c3856000 r--p 0019c000 08:01 2089                       /lib/x86_64-linux-gnu/libm-2.27.so
7f84c3856000-7f84c3857000 rw-p 0019d000 08:01 2089                       /lib/x86_64-linux-gnu/libm-2.27.so
7f84c3857000-7f84c39d0000 r-xp 00000000 08:01 5020                       /usr/lib/x86_64-linux-gnu/libstdc++.so.6.0.25
7f84c39d0000-7f84c3bd0000 ---p 00179000 08:01 5020                       /usr/lib/x86_64-linux-gnu/libstdc++.so.6.0.25
7f84c3bd0000-7f84c3bda000 r--p 00179000 08:01 5020                       /usr/lib/x86_64-linux-gnu/libstdc++.so.6.0.25
7f84c3bda000-7f84c3bdc000 rw-p 00183000 08:01 5020                       /usr/lib/x86_64-linux-gnu/libstdc++.so.6.0.25
7f84c3bdc000-7f84c3be0000 rw-p 00000000 00:00 0 
7f84c3be0000-7f84c4cbd000 r-xp 00000000 08:01 260002                     /usr/lib/jvm/java-11-openjdk-amd64/lib/server/libjvm.so
7f84c4cbd000-7f84c4ebc000 ---p 010dd000 08:01 260002                     /usr/lib/jvm/java-11-openjdk-amd64/lib/server/libjvm.so
7f84c4ebc000-7f84c4f79000 r--p 010dc000 08:01 260002                     /usr/lib/jvm/java-11-openjdk-amd64/lib/server/libjvm.so
7f84c4f79000-7f84c4fb3000 rw-p 01199000 08:01 260002                     /usr/lib/jvm/java-11-openjdk-amd64/lib/server/libjvm.so
7f84c4fb3000-7f84c5009000 rw-p 00000000 00:00 0 
7f84c5009000-7f84c5023000 r-xp 00000000 08:01 2180                       /lib/x86_64-linux-gnu/libpthread-2.27.so
7f84c5023000-7f84c5222000 ---p 0001a000 08:01 2180                       /lib/x86_64-linux-gnu/libpthread-2.27.so
7f84c5222000-7f84c5223000 r--p 00019000 08:01 2180                       /lib/x86_64-linux-gnu/libpthread-2.27.so
7f84c5223000-7f84c5224000 rw-p 0001a000 08:01 2180                       /lib/x86_64-linux-gnu/libpthread-2.27.so
7f84c5224000-7f84c5228000 rw-p 00000000 00:00 0 
7f84c5228000-7f84c522b000 r-xp 00000000 08:01 2088                       /lib/x86_64-linux-gnu/libdl-2.27.so
7f84c522b000-7f84c542a000 ---p 00003000 08:01 2088                       /lib/x86_64-linux-gnu/libdl-2.27.so
7f84c542a000-7f84c542b000 r--p 00002000 08:01 2088                       /lib/x86_64-linux-gnu/libdl-2.27.so
7f84c542b000-7f84c542c000 rw-p 00003000 08:01 2088                       /lib/x86_64-linux-gnu/libdl-2.27.so
7f84c542c000-7f84c5448000 r-xp 00000000 08:01 2185                       /lib/x86_64-linux-gnu/libz.so.1.2.11
7f84c5448000-7f84c5647000 ---p 0001c000 08:01 2185                       /lib/x86_64-linux-gnu/libz.so.1.2.11
7f84c5647000-7f84c5648000 r--p 0001b000 08:01 2185                       /lib/x86_64-linux-gnu/libz.so.1.2.11
7f84c5648000-7f84c5649000 rw-p 0001c000 08:01 2185                       /lib/x86_64-linux-gnu/libz.so.1.2.11
7f84c5649000-7f84c5830000 r-xp 00000000 08:01 2085                       /lib/x86_64-linux-gnu/libc-2.27.so
7f84c5830000-7f84c5a30000 ---p 001e7000 08:01 2085                       /lib/x86_64-linux-gnu/libc-2.27.so
7f84c5a30000-7f84c5a34000 r--p 001e7000 08:01 2085                       /lib/x86_64-linux-gnu/libc-2.27.so
7f84c5a34000-7f84c5a36000 rw-p 001eb000 08:01 2085                       /lib/x86_64-linux-gnu/libc-2.27.so
7f84c5a36000-7f84c5a3a000 rw-p 00000000 00:00 0 
7f84c5a3a000-7f84c5a4a000 r-xp 00000000 08:01 259959                     /usr/lib/jvm/java-11-openjdk-amd64/lib/jli/libjli.so
7f84c5a4a000-7f84c5c49000 ---p 00010000 08:01 259959                     /usr/lib/jvm/java-11-openjdk-amd64/lib/jli/libjli.so
7f84c5c49000-7f84c5c4a000 r--p 0000f000 08:01 259959                     /usr/lib/jvm/java-11-openjdk-amd64/lib/jli/libjli.so
7f84c5c4a000-7f84c5c4b000 rw-p 00010000 08:01 259959                     /usr/lib/jvm/java-11-openjdk-amd64/lib/jli/libjli.so
7f84c5c4b000-7f84c5c72000 r-xp 00000000 08:01 2081                       /lib/x86_64-linux-gnu/ld-2.27.so
7f84c5c7a000-7f84c5cab000 r--p 00000000 08:01 7805                       /usr/lib/locale/C.UTF-8/LC_CTYPE
7f84c5cab000-7f84c5cac000 r--p 00000000 08:01 7810                       /usr/lib/locale/C.UTF-8/LC_NUMERIC
7f84c5cac000-7f84c5cad000 r--p 00000000 08:01 7813                       /usr/lib/locale/C.UTF-8/LC_TIME
7f84c5cad000-7f84c5cae000 r--p 00000000 08:01 7808                       /usr/lib/locale/C.UTF-8/LC_MONETARY
7f84c5cae000-7f84c5caf000 r--p 00000000 08:01 7802                       /usr/lib/locale/C.UTF-8/LC_MESSAGES/SYS_LC_MESSAGES
7f84c5caf000-7f84c5cb0000 r--p 00000000 08:01 7811                       /usr/lib/locale/C.UTF-8/LC_PAPER
7f84c5cb0000-7f84c5cb7000 r--s 00000000 08:01 5013                       /usr/lib/x86_64-linux-gnu/gconv/gconv-modules.cache
7f84c5cb7000-7f84c5d57000 rw-p 00000000 00:00 0 
7f84c5d57000-7f84c5d5e000 ---p 00000000 00:00 0 
7f84c5d5e000-7f84c5d66000 rw-s 00000000 08:01 272564                     /tmp/hsperfdata_root/8860
7f84c5d66000-7f84c5d6a000 ---p 00000000 00:00 0 
7f84c5d6a000-7f84c5e69000 rw-p 00000000 00:00 0 
7f84c5e69000-7f84c5e6a000 r--p 00000000 08:01 7809                       /usr/lib/locale/C.UTF-8/LC_NAME
7f84c5e6a000-7f84c5e6b000 r--p 00000000 08:01 7803                       /usr/lib/locale/C.UTF-8/LC_ADDRESS
7f84c5e6b000-7f84c5e6c000 r--p 00000000 08:01 7812                       /usr/lib/locale/C.UTF-8/LC_TELEPHONE
7f84c5e6c000-7f84c5e6d000 r--p 00000000 08:01 7807                       /usr/lib/locale/C.UTF-8/LC_MEASUREMENT
7f84c5e6d000-7f84c5e6e000 r--p 00000000 08:01 7806                       /usr/lib/locale/C.UTF-8/LC_IDENTIFICATION
7f84c5e6e000-7f84c5e6f000 ---p 00000000 00:00 0 
7f84c5e6f000-7f84c5e70000 r--p 00000000 00:00 0 
7f84c5e70000-7f84c5e72000 rw-p 00000000 00:00 0 
7f84c5e72000-7f84c5e73000 r--p 00027000 08:01 2081                       /lib/x86_64-linux-gnu/ld-2.27.so
7f84c5e73000-7f84c5e74000 rw-p 00028000 08:01 2081                       /lib/x86_64-linux-gnu/ld-2.27.so
7f84c5e74000-7f84c5e75000 rw-p 00000000 00:00 0 
7ffcf2f06000-7ffcf2f27000 rw-p 00000000 00:00 0                          [stack]
7ffcf2f2b000-7ffcf2f2e000 r--p 00000000 00:00 0                          [vvar]
7ffcf2f2e000-7ffcf2f30000 r-xp 00000000 00:00 0                          [vdso]
ffffffffff600000-ffffffffff601000 r-xp 00000000 00:00 0                  [vsyscall]


VM Arguments:
jvm_args: -Dclassworlds.conf=/usr/share/maven/bin/m2.conf -Dmaven.home=/usr/share/maven -Dlibrary.jansi.path=/usr/share/maven/lib/jansi-native -Dmaven.multiModuleProjectDirectory=/home/vagrant/microservices-lab/Compose/ms/ConsultarInscripcionesMS 
java_command: org.codehaus.plexus.classworlds.launcher.Launcher clean install -Dmaven.test.skip=true -f ./ms/ConsultarInscripcionesMS/
java_class_path (initial): /usr/share/maven/boot/plexus-classworlds-2.x.jar
Launcher Type: SUN_STANDARD

[Global flags]
     intx CICompilerCount                          = 2                                         {product} {ergonomic}
     uint ConcGCThreads                            = 1                                         {product} {ergonomic}
     uint G1ConcRefinementThreads                  = 3                                         {product} {ergonomic}
   size_t G1HeapRegionSize                         = 1048576                                   {product} {ergonomic}
    uintx GCDrainStackTargetSize                   = 64                                        {product} {ergonomic}
   size_t InitialHeapSize                          = 96468992                                  {product} {ergonomic}
   size_t MarkStackSize                            = 4194304                                   {product} {ergonomic}
   size_t MaxHeapSize                              = 1539309568                                {product} {ergonomic}
   size_t MaxNewSize                               = 922746880                                 {product} {ergonomic}
   size_t MinHeapDeltaBytes                        = 1048576                                   {product} {ergonomic}
    uintx NonNMethodCodeHeapSize                   = 5825164                                {pd product} {ergonomic}
    uintx NonProfiledCodeHeapSize                  = 122916538                              {pd product} {ergonomic}
    uintx ProfiledCodeHeapSize                     = 122916538                              {pd product} {ergonomic}
    uintx ReservedCodeCacheSize                    = 251658240                              {pd product} {ergonomic}
     bool SegmentedCodeCache                       = true                                      {product} {ergonomic}
     bool UseCompressedClassPointers               = true                                 {lp64_product} {ergonomic}
     bool UseCompressedOops                        = true                                 {lp64_product} {ergonomic}
     bool UseG1GC                                  = true                                      {product} {ergonomic}

Logging:
Log output configuration:
 #0: stdout all=warning uptime,level,tags
 #1: stderr all=off uptime,level,tags

Environment Variables:
PATH=/usr/local/sbin:/usr/local/bin:/usr/sbin:/usr/bin:/sbin:/bin:/usr/games:/usr/local/games
USERNAME=root
SHELL=/bin/bash

Signal Handlers:
SIGSEGV: [libjvm.so+0xdf8d00], sa_mask[0]=11111111011111111101111111111110, sa_flags=SA_RESTART|SA_SIGINFO
SIGBUS: [libjvm.so+0xdf8d00], sa_mask[0]=11111111011111111101111111111110, sa_flags=SA_RESTART|SA_SIGINFO
SIGFPE: [libjvm.so+0xdf8d00], sa_mask[0]=11111111011111111101111111111110, sa_flags=SA_RESTART|SA_SIGINFO
SIGPIPE: [libjvm.so+0xbcbc30], sa_mask[0]=11111111011111111101111111111110, sa_flags=SA_RESTART|SA_SIGINFO
SIGXFSZ: [libjvm.so+0xbcbc30], sa_mask[0]=11111111011111111101111111111110, sa_flags=SA_RESTART|SA_SIGINFO
SIGILL: [libjvm.so+0xdf8d00], sa_mask[0]=11111111011111111101111111111110, sa_flags=SA_RESTART|SA_SIGINFO
SIGUSR2: [libjvm.so+0xbcbad0], sa_mask[0]=00000000000000000000000000000000, sa_flags=SA_RESTART|SA_SIGINFO
SIGHUP: [libjvm.so+0xbcbe30], sa_mask[0]=11111111011111111101111111111110, sa_flags=SA_RESTART|SA_SIGINFO
SIGINT: [libjvm.so+0xbcbe30], sa_mask[0]=11111111011111111101111111111110, sa_flags=SA_RESTART|SA_SIGINFO
SIGTERM: [libjvm.so+0xbcbe30], sa_mask[0]=11111111011111111101111111111110, sa_flags=SA_RESTART|SA_SIGINFO
SIGQUIT: [libjvm.so+0xbcbe30], sa_mask[0]=11111111011111111101111111111110, sa_flags=SA_RESTART|SA_SIGINFO


---------------  S Y S T E M  ---------------

OS:DISTRIB_ID=Ubuntu
DISTRIB_RELEASE=18.04
DISTRIB_CODENAME=bionic
DISTRIB_DESCRIPTION="Ubuntu 18.04.4 LTS"
uname:Linux 4.15.0-99-generic #100-Ubuntu SMP Wed Apr 22 20:32:56 UTC 2020 x86_64
OS uptime: 0 days 0:06 hours
libc:glibc 2.27 NPTL 2.27 
rlimit: STACK 8192k, CORE 0k, NPROC 23355, NOFILE 1048576, AS infinity, CPU infinity, DATA infinity, FSIZE infinity
load average:2.06 2.49 1.32

/proc/meminfo:
MemTotal:        6005128 kB
MemFree:         2873684 kB
MemAvailable:    4794104 kB
Buffers:          183048 kB
Cached:          1873832 kB
SwapCached:            0 kB
Active:          1618744 kB
Inactive:        1292760 kB
Active(anon):     835216 kB
Inactive(anon):      200 kB
Active(file):     783528 kB
Inactive(file):  1292560 kB
Unevictable:           0 kB
Mlocked:               0 kB
SwapTotal:             0 kB
SwapFree:              0 kB
Dirty:              3832 kB
Writeback:             0 kB
AnonPages:        854772 kB
Mapped:           468632 kB
Shmem:               956 kB
Slab:             165016 kB
SReclaimable:     109256 kB
SUnreclaim:        55760 kB
KernelStack:        4592 kB
PageTables:         9168 kB
NFS_Unstable:          0 kB
Bounce:                0 kB
WritebackTmp:          0 kB
CommitLimit:     3002564 kB
Committed_AS:    2549336 kB
VmallocTotal:   34359738367 kB
VmallocUsed:           0 kB
VmallocChunk:          0 kB
HardwareCorrupted:     0 kB
AnonHugePages:     22528 kB
ShmemHugePages:        0 kB
ShmemPmdMapped:        0 kB
CmaTotal:              0 kB
CmaFree:               0 kB
HugePages_Total:       0
HugePages_Free:        0
HugePages_Rsvd:        0
HugePages_Surp:        0
Hugepagesize:       2048 kB
DirectMap4k:      100288 kB
DirectMap2M:     6092800 kB


/proc/sys/kernel/threads-max (system-wide limit on the number of threads):
46711


/proc/sys/vm/max_map_count (maximum number of memory map areas a process may have):
65530


/proc/sys/kernel/pid_max (system-wide limit on number of process identifiers):
32768



container (cgroup) information:
container_type: cgroupv1
cpu_cpuset_cpus: 0-2
cpu_memory_nodes: 0
active_processor_count: 3
cpu_quota: -1
cpu_period: 100000
cpu_shares: -1
memory_limit_in_bytes: -1
memory_and_swap_limit_in_bytes: -2
memory_soft_limit_in_bytes: -1
memory_usage_in_bytes: 1235357696
memory_max_usage_in_bytes: 1235574784

KVM virtualization detected
Steal ticks since vm start: 0
Steal ticks percentage since vm start:  0.000

CPU:total 3 (initial active 3) (3 cores per cpu, 1 threads per core) family 6 model 78 stepping 3, cmov, cx8, fxsr, mmx, sse, sse2, sse3, ssse3, sse4.1, sse4.2, tsc, tscinvbit
CPU Model and flags from /proc/cpuinfo:
model name	: Intel(R) Core(TM) i7-6500U CPU @ 2.50GHz
flags		: fpu vme de pse tsc msr pae mce cx8 apic sep mtrr pge mca cmov pat pse36 clflush mmx fxsr sse sse2 ht syscall nx rdtscp lm constant_tsc rep_good nopl xtopology nonstop_tsc cpuid tsc_known_freq pni ssse3 pcid sse4_1 sse4_2 hypervisor lahf_lm invpcid_single pti fsgsbase invpcid flush_l1d arch_capabilities

Memory: 4k page, physical 6005128k(2873684k free), swap 0k(0k free)

vm_info: OpenJDK 64-Bit Server VM (11.0.7+10-post-Ubuntu-2ubuntu218.04) for linux-amd64 JRE (11.0.7+10-post-Ubuntu-2ubuntu218.04), built on Apr 15 2020 21:12:54 by "unknown" with gcc 7.5.0

END.
